#
# A fatal error has been detected by the Java Runtime Environment:
#
#  EXCEPTION_ACCESS_VIOLATION (0xc0000005) at pc=0x00007ffa67278f0e, pid=10124, tid=21040
#
# JRE version: OpenJDK Runtime Environment Temurin-21.0.4+7 (21.0.4+7) (build 21.0.4+7-LTS)
# Java VM: OpenJDK 64-Bit Server VM Temurin-21.0.4+7 (21.0.4+7-LTS, mixed mode, emulated-client, tiered, compressed oops, compressed class ptrs, g1 gc, windows-amd64)
# Problematic frame:
# V  [jvm.dll+0x318f0e]
#
# No core dump will be written. Minidumps are not enabled by default on client versions of Windows
#
# If you would like to submit a bug report, please visit:
#   https://github.com/adoptium/adoptium-support/issues
#

---------------  S U M M A R Y ------------

Command Line: -XX:+ShowCodeDetailsInExceptionMessages -agentlib:jdwp=transport=dt_socket,suspend=y,address=localhost:62674 -Dcom.sun.management.jmxremote -Dcom.sun.management.jmxremote.port=62673 -Dcom.sun.management.jmxremote.authenticate=false -Dcom.sun.management.jmxremote.ssl=false -Djava.rmi.server.hostname=localhost -Dspring.jmx.enabled=true -Dmanagement.endpoints.jmx.exposure.include=* -Dspring.application.admin.enabled=true -XX:TieredStopAtLevel=1 -Dspring.boot.project.name=clientes -javaagent:C:\sts-4.26.0.RELEASE\configuration\org.eclipse.osgi\271\0\.cp\lib\javaagent-shaded.jar -Dfile.encoding=UTF-8 -Dstdout.encoding=UTF-8 -Dstderr.encoding=UTF-8 com.clientes.ClientesApplication --spring.output.ansi.enabled=always

Host: 11th Gen Intel(R) Core(TM) i5-1135G7 @ 2.40GHz, 8 cores, 31G,  Windows 11 , 64 bit Build 26100 (10.0.26100.2454)
Time: Wed Dec 18 19:10:57 2024 Hora oficial do Brasil elapsed time: 91.348319 seconds (0d 0h 1m 31s)

---------------  T H R E A D  ---------------

Current thread (0x000002cc7f762160):  WorkerThread "GC Thread#2"    [id=21040, stack(0x000000e12b600000,0x000000e12b700000) (1024K)]

Stack: [0x000000e12b600000,0x000000e12b700000],  sp=0x000000e12b6fe100,  free space=1016k
Native frames: (J=compiled Java code, j=interpreted, Vv=VM code, C=native code)
V  [jvm.dll+0x318f0e]
V  [jvm.dll+0x3407f9]
V  [jvm.dll+0x340762]
V  [jvm.dll+0x31392b]
V  [jvm.dll+0x31337d]
V  [jvm.dll+0x3ed9f5]
V  [jvm.dll+0x84f4e6]
V  [jvm.dll+0x859351]
V  [jvm.dll+0x36571a]
V  [jvm.dll+0x3657d4]
V  [jvm.dll+0x3450b3]
V  [jvm.dll+0x8d3417]
V  [jvm.dll+0x84f17b]
V  [jvm.dll+0x6ca3fd]
C  [ucrtbase.dll+0x14ea0]
C  [KERNEL32.DLL+0x2e8d7]
C  [ntdll.dll+0xdfbcc]

JavaThread 0x000002cc0744bff0 (nid = 28760) was being processed
Java frames: (J=compiled Java code, j=interpreted, Vv=VM code)
j  java.lang.invoke.DirectMethodHandle$Holder.invokeVirtual(Ljava/lang/Object;Ljava/lang/Object;)Ljava/lang/Object;+10 java.base@21.0.4
J 2685 c1 java.lang.invoke.LambdaForm$MH+0x00000008000c1000.invoke(Ljava/lang/Object;Ljava/lang/Object;)Ljava/lang/Object; java.base@21.0.4 (35 bytes) @ 0x000002cc6b46114c [0x000002cc6b461040+0x000000000000010c]
J 4383 c1 jdk.internal.reflect.DirectMethodHandleAccessor.invoke(Ljava/lang/Object;[Ljava/lang/Object;)Ljava/lang/Object; java.base@21.0.4 (92 bytes) @ 0x000002cc6b75e33c [0x000002cc6b75dfc0+0x000000000000037c]
J 4566 c1 java.lang.reflect.Method.invoke(Ljava/lang/Object;[Ljava/lang/Object;)Ljava/lang/Object; java.base@21.0.4 (108 bytes) @ 0x000002cc6b7acdf4 [0x000002cc6b7acc00+0x00000000000001f4]
j  com.fasterxml.jackson.databind.ser.BeanPropertyWriter.serializeAsField(Ljava/lang/Object;Lcom/fasterxml/jackson/core/JsonGenerator;Lcom/fasterxml/jackson/databind/SerializerProvider;)V+27
j  com.fasterxml.jackson.databind.ser.std.BeanSerializerBase.serializeFields(Ljava/lang/Object;Lcom/fasterxml/jackson/core/JsonGenerator;Lcom/fasterxml/jackson/databind/SerializerProvider;)V+61
j  com.fasterxml.jackson.databind.ser.BeanSerializer.serialize(Ljava/lang/Object;Lcom/fasterxml/jackson/core/JsonGenerator;Lcom/fasterxml/jackson/databind/SerializerProvider;)V+47
j  com.fasterxml.jackson.databind.ser.std.CollectionSerializer.serializeContents(Ljava/util/Collection;Lcom/fasterxml/jackson/core/JsonGenerator;Lcom/fasterxml/jackson/databind/SerializerProvider;)V+161
j  com.fasterxml.jackson.databind.ser.std.CollectionSerializer.serialize(Ljava/util/Collection;Lcom/fasterxml/jackson/core/JsonGenerator;Lcom/fasterxml/jackson/databind/SerializerProvider;)V+60
j  com.fasterxml.jackson.databind.ser.std.CollectionSerializer.serialize(Ljava/lang/Object;Lcom/fasterxml/jackson/core/JsonGenerator;Lcom/fasterxml/jackson/databind/SerializerProvider;)V+7
j  com.fasterxml.jackson.databind.ser.DefaultSerializerProvider._serialize(Lcom/fasterxml/jackson/core/JsonGenerator;Ljava/lang/Object;Lcom/fasterxml/jackson/databind/JsonSerializer;)V+4
j  com.fasterxml.jackson.databind.ser.DefaultSerializerProvider.serializeValue(Lcom/fasterxml/jackson/core/JsonGenerator;Ljava/lang/Object;Lcom/fasterxml/jackson/databind/JavaType;Lcom/fasterxml/jackson/databind/JsonSerializer;)V+143
j  com.fasterxml.jackson.databind.ObjectWriter$Prefetch.serialize(Lcom/fasterxml/jackson/core/JsonGenerator;Ljava/lang/Object;Lcom/fasterxml/jackson/databind/ser/DefaultSerializerProvider;)V+46
j  com.fasterxml.jackson.databind.ObjectWriter.writeValue(Lcom/fasterxml/jackson/core/JsonGenerator;Ljava/lang/Object;)V+100
j  org.springframework.http.converter.json.AbstractJackson2HttpMessageConverter.writeInternal(Ljava/lang/Object;Ljava/lang/reflect/Type;Lorg/springframework/http/HttpOutputMessage;)V+313
j  org.springframework.http.converter.AbstractGenericHttpMessageConverter.write(Ljava/lang/Object;Ljava/lang/reflect/Type;Lorg/springframework/http/MediaType;Lorg/springframework/http/HttpOutputMessage;)V+59
j  org.springframework.web.servlet.mvc.method.annotation.AbstractMessageConverterMethodProcessor.writeWithMessageConverters(Ljava/lang/Object;Lorg/springframework/core/MethodParameter;Lorg/springframework/http/server/ServletServerHttpRequest;Lorg/springframework/http/server/ServletServerHttpResponse;)V+785
j  org.springframework.web.servlet.mvc.method.annotation.RequestResponseBodyMethodProcessor.handleReturnValue(Ljava/lang/Object;Lorg/springframework/core/MethodParameter;Lorg/springframework/web/method/support/ModelAndViewContainer;Lorg/springframework/web/context/request/NativeWebRequest;)V+84
j  org.springframework.web.method.support.HandlerMethodReturnValueHandlerComposite.handleReturnValue(Ljava/lang/Object;Lorg/springframework/core/MethodParameter;Lorg/springframework/web/method/support/ModelAndViewContainer;Lorg/springframework/web/context/request/NativeWebRequest;)V+40
j  org.springframework.web.servlet.mvc.method.annotation.ServletInvocableHandlerMethod.invokeAndHandle(Lorg/springframework/web/context/request/ServletWebRequest;Lorg/springframework/web/method/support/ModelAndViewContainer;[Ljava/lang/Object;)V+104
j  org.springframework.web.servlet.mvc.method.annotation.RequestMappingHandlerAdapter.invokeHandlerMethod(Ljakarta/servlet/http/HttpServletRequest;Ljakarta/servlet/http/HttpServletResponse;Lorg/springframework/web/method/HandlerMethod;)Lorg/springframework/web/servlet/ModelAndView;+309
j  org.springframework.web.servlet.mvc.method.annotation.RequestMappingHandlerAdapter.handleInternal(Ljakarta/servlet/http/HttpServletRequest;Ljakarta/servlet/http/HttpServletResponse;Lorg/springframework/web/method/HandlerMethod;)Lorg/springframework/web/servlet/ModelAndView;+81
j  org.springframework.web.servlet.mvc.method.AbstractHandlerMethodAdapter.handle(Ljakarta/servlet/http/HttpServletRequest;Ljakarta/servlet/http/HttpServletResponse;Ljava/lang/Object;)Lorg/springframework/web/servlet/ModelAndView;+7
j  org.springframework.web.servlet.DispatcherServlet.doDispatch(Ljakarta/servlet/http/HttpServletRequest;Ljakarta/servlet/http/HttpServletResponse;)V+304
j  org.springframework.web.servlet.DispatcherServlet.doService(Ljakarta/servlet/http/HttpServletRequest;Ljakarta/servlet/http/HttpServletResponse;)V+242
j  org.springframework.web.servlet.FrameworkServlet.processRequest(Ljakarta/servlet/http/HttpServletRequest;Ljakarta/servlet/http/HttpServletResponse;)V+70
j  org.springframework.web.servlet.FrameworkServlet.doGet(Ljakarta/servlet/http/HttpServletRequest;Ljakarta/servlet/http/HttpServletResponse;)V+3
j  jakarta.servlet.http.HttpServlet.service(Ljakarta/servlet/http/HttpServletRequest;Ljakarta/servlet/http/HttpServletResponse;)V+35
j  org.springframework.web.servlet.FrameworkServlet.service(Ljakarta/servlet/http/HttpServletRequest;Ljakarta/servlet/http/HttpServletResponse;)V+20
j  jakarta.servlet.http.HttpServlet.service(Ljakarta/servlet/ServletRequest;Ljakarta/servlet/ServletResponse;)V+37
j  org.apache.catalina.core.ApplicationFilterChain.internalDoFilter(Ljakarta/servlet/ServletRequest;Ljakarta/servlet/ServletResponse;)V+300
j  org.apache.catalina.core.ApplicationFilterChain.doFilter(Ljakarta/servlet/ServletRequest;Ljakarta/servlet/ServletResponse;)V+99
j  org.apache.tomcat.websocket.server.WsFilter.doFilter(Ljakarta/servlet/ServletRequest;Ljakarta/servlet/ServletResponse;Ljakarta/servlet/FilterChain;)V+21
j  org.apache.catalina.core.ApplicationFilterChain.internalDoFilter(Ljakarta/servlet/ServletRequest;Ljakarta/servlet/ServletResponse;)V+130
j  org.apache.catalina.core.ApplicationFilterChain.doFilter(Ljakarta/servlet/ServletRequest;Ljakarta/servlet/ServletResponse;)V+99
j  org.springframework.web.filter.CompositeFilter$VirtualFilterChain.doFilter(Ljakarta/servlet/ServletRequest;Ljakarta/servlet/ServletResponse;)V+22
j  org.springframework.security.web.FilterChainProxy.lambda$doFilterInternal$3(Lorg/springframework/security/web/firewall/FirewalledRequest;Ljakarta/servlet/FilterChain;Ljakarta/servlet/ServletRequest;Ljakarta/servlet/ServletResponse;)V+35
j  org.springframework.security.web.FilterChainProxy$$Lambda+0x0000000800cc1ed8.doFilter(Ljakarta/servlet/ServletRequest;Ljakarta/servlet/ServletResponse;)V+10
j  org.springframework.security.web.FilterChainProxy$VirtualFilterChain.doFilter(Ljakarta/servlet/ServletRequest;Ljakarta/servlet/ServletResponse;)V+17
j  org.springframework.security.web.access.intercept.AuthorizationFilter.doFilter(Ljakarta/servlet/ServletRequest;Ljakarta/servlet/ServletResponse;Ljakarta/servlet/FilterChain;)V+143
j  org.springframework.security.web.FilterChainProxy$VirtualFilterChain.doFilter(Ljakarta/servlet/ServletRequest;Ljakarta/servlet/ServletResponse;)V+105
j  org.springframework.security.web.access.ExceptionTranslationFilter.doFilter(Ljakarta/servlet/http/HttpServletRequest;Ljakarta/servlet/http/HttpServletResponse;Ljakarta/servlet/FilterChain;)V+3
j  org.springframework.security.web.access.ExceptionTranslationFilter.doFilter(Ljakarta/servlet/ServletRequest;Ljakarta/servlet/ServletResponse;Ljakarta/servlet/FilterChain;)V+10
j  org.springframework.security.web.FilterChainProxy$VirtualFilterChain.doFilter(Ljakarta/servlet/ServletRequest;Ljakarta/servlet/ServletResponse;)V+105
j  org.springframework.security.web.session.SessionManagementFilter.doFilter(Ljakarta/servlet/http/HttpServletRequest;Ljakarta/servlet/http/HttpServletResponse;Ljakarta/servlet/FilterChain;)V+223
j  org.springframework.security.web.session.SessionManagementFilter.doFilter(Ljakarta/servlet/ServletRequest;Ljakarta/servlet/ServletResponse;Ljakarta/servlet/FilterChain;)V+10
j  org.springframework.security.web.FilterChainProxy$VirtualFilterChain.doFilter(Ljakarta/servlet/ServletRequest;Ljakarta/servlet/ServletResponse;)V+105
j  org.springframework.security.web.authentication.AnonymousAuthenticationFilter.doFilter(Ljakarta/servlet/ServletRequest;Ljakarta/servlet/ServletResponse;Ljakarta/servlet/FilterChain;)V+33
j  org.springframework.security.web.FilterChainProxy$VirtualFilterChain.doFilter(Ljakarta/servlet/ServletRequest;Ljakarta/servlet/ServletResponse;)V+105
j  org.springframework.security.web.servletapi.SecurityContextHolderAwareRequestFilter.doFilter(Ljakarta/servlet/ServletRequest;Ljakarta/servlet/ServletResponse;Ljakarta/servlet/FilterChain;)V+19
j  org.springframework.security.web.FilterChainProxy$VirtualFilterChain.doFilter(Ljakarta/servlet/ServletRequest;Ljakarta/servlet/ServletResponse;)V+105
j  org.springframework.security.web.savedrequest.RequestCacheAwareFilter.doFilter(Ljakarta/servlet/ServletRequest;Ljakarta/servlet/ServletResponse;Ljakarta/servlet/FilterChain;)V+32
j  org.springframework.security.web.FilterChainProxy$VirtualFilterChain.doFilter(Ljakarta/servlet/ServletRequest;Ljakarta/servlet/ServletResponse;)V+105
j  org.springframework.security.oauth2.server.resource.web.authentication.BearerTokenAuthenticationFilter.doFilterInternal(Ljakarta/servlet/http/HttpServletRequest;Ljakarta/servlet/http/HttpServletResponse;Ljakarta/servlet/FilterChain;)V+193
j  org.springframework.web.filter.OncePerRequestFilter.doFilter(Ljakarta/servlet/ServletRequest;Ljakarta/servlet/ServletResponse;Ljakarta/servlet/FilterChain;)V+150
j  org.springframework.security.web.FilterChainProxy$VirtualFilterChain.doFilter(Ljakarta/servlet/ServletRequest;Ljakarta/servlet/ServletResponse;)V+105
j  org.springframework.security.web.authentication.logout.LogoutFilter.doFilter(Ljakarta/servlet/http/HttpServletRequest;Ljakarta/servlet/http/HttpServletResponse;Ljakarta/servlet/FilterChain;)V+83
j  org.springframework.security.web.authentication.logout.LogoutFilter.doFilter(Ljakarta/servlet/ServletRequest;Ljakarta/servlet/ServletResponse;Ljakarta/servlet/FilterChain;)V+10
j  org.springframework.security.web.FilterChainProxy$VirtualFilterChain.doFilter(Ljakarta/servlet/ServletRequest;Ljakarta/servlet/ServletResponse;)V+105
j  org.springframework.security.web.header.HeaderWriterFilter.doHeadersAfter(Ljakarta/servlet/http/HttpServletRequest;Ljakarta/servlet/http/HttpServletResponse;Ljakarta/servlet/FilterChain;)V+29
j  org.springframework.security.web.header.HeaderWriterFilter.doFilterInternal(Ljakarta/servlet/http/HttpServletRequest;Ljakarta/servlet/http/HttpServletResponse;Ljakarta/servlet/FilterChain;)V+21
j  org.springframework.web.filter.OncePerRequestFilter.doFilter(Ljakarta/servlet/ServletRequest;Ljakarta/servlet/ServletResponse;Ljakarta/servlet/FilterChain;)V+150
j  org.springframework.security.web.FilterChainProxy$VirtualFilterChain.doFilter(Ljakarta/servlet/ServletRequest;Ljakarta/servlet/ServletResponse;)V+105
j  org.springframework.security.web.context.SecurityContextHolderFilter.doFilter(Ljakarta/servlet/http/HttpServletRequest;Ljakarta/servlet/http/HttpServletResponse;Ljakarta/servlet/FilterChain;)V+59
j  org.springframework.security.web.context.SecurityContextHolderFilter.doFilter(Ljakarta/servlet/ServletRequest;Ljakarta/servlet/ServletResponse;Ljakarta/servlet/FilterChain;)V+10
j  org.springframework.security.web.FilterChainProxy$VirtualFilterChain.doFilter(Ljakarta/servlet/ServletRequest;Ljakarta/servlet/ServletResponse;)V+105
j  org.springframework.security.web.context.request.async.WebAsyncManagerIntegrationFilter.doFilterInternal(Ljakarta/servlet/http/HttpServletRequest;Ljakarta/servlet/http/HttpServletResponse;Ljakarta/servlet/FilterChain;)V+55
j  org.springframework.web.filter.OncePerRequestFilter.doFilter(Ljakarta/servlet/ServletRequest;Ljakarta/servlet/ServletResponse;Ljakarta/servlet/FilterChain;)V+150
j  org.springframework.security.web.FilterChainProxy$VirtualFilterChain.doFilter(Ljakarta/servlet/ServletRequest;Ljakarta/servlet/ServletResponse;)V+105
j  org.springframework.security.web.session.DisableEncodeUrlFilter.doFilterInternal(Ljakarta/servlet/http/HttpServletRequest;Ljakarta/servlet/http/HttpServletResponse;Ljakarta/servlet/FilterChain;)V+10
j  org.springframework.web.filter.OncePerRequestFilter.doFilter(Ljakarta/servlet/ServletRequest;Ljakarta/servlet/ServletResponse;Ljakarta/servlet/FilterChain;)V+150
j  org.springframework.security.web.FilterChainProxy$VirtualFilterChain.doFilter(Ljakarta/servlet/ServletRequest;Ljakarta/servlet/ServletResponse;)V+105
j  org.springframework.security.web.FilterChainProxy.doFilterInternal(Ljakarta/servlet/ServletRequest;Ljakarta/servlet/ServletResponse;Ljakarta/servlet/FilterChain;)V+163
j  org.springframework.security.web.FilterChainProxy.doFilter(Ljakarta/servlet/ServletRequest;Ljakarta/servlet/ServletResponse;Ljakarta/servlet/FilterChain;)V+48
j  org.springframework.web.filter.CompositeFilter$VirtualFilterChain.doFilter(Ljakarta/servlet/ServletRequest;Ljakarta/servlet/ServletResponse;)V+63
j  org.springframework.web.servlet.handler.HandlerMappingIntrospector.lambda$createCacheFilter$3(Ljakarta/servlet/ServletRequest;Ljakarta/servlet/ServletResponse;Ljakarta/servlet/FilterChain;)V+13
j  org.springframework.web.servlet.handler.HandlerMappingIntrospector$$Lambda+0x0000000800c0dac8.doFilter(Ljakarta/servlet/ServletRequest;Ljakarta/servlet/ServletResponse;Ljakarta/servlet/FilterChain;)V+7
j  org.springframework.web.filter.CompositeFilter$VirtualFilterChain.doFilter(Ljakarta/servlet/ServletRequest;Ljakarta/servlet/ServletResponse;)V+63
j  org.springframework.web.filter.CompositeFilter.doFilter(Ljakarta/servlet/ServletRequest;Ljakarta/servlet/ServletResponse;Ljakarta/servlet/FilterChain;)V+14
j  org.springframework.security.config.annotation.web.configuration.WebMvcSecurityConfiguration$CompositeFilterChainProxy.doFilter(Ljakarta/servlet/ServletRequest;Ljakarta/servlet/ServletResponse;Ljakarta/servlet/FilterChain;)V+7
j  org.springframework.web.filter.DelegatingFilterProxy.invokeDelegate(Ljakarta/servlet/Filter;Ljakarta/servlet/ServletRequest;Ljakarta/servlet/ServletResponse;Ljakarta/servlet/FilterChain;)V+5
j  org.springframework.web.filter.DelegatingFilterProxy.doFilter(Ljakarta/servlet/ServletRequest;Ljakarta/servlet/ServletResponse;Ljakarta/servlet/FilterChain;)V+98
j  org.apache.catalina.core.ApplicationFilterChain.internalDoFilter(Ljakarta/servlet/ServletRequest;Ljakarta/servlet/ServletResponse;)V+130
j  org.apache.catalina.core.ApplicationFilterChain.doFilter(Ljakarta/servlet/ServletRequest;Ljakarta/servlet/ServletResponse;)V+99
j  org.springframework.web.filter.RequestContextFilter.doFilterInternal(Ljakarta/servlet/http/HttpServletRequest;Ljakarta/servlet/http/HttpServletResponse;Ljakarta/servlet/FilterChain;)V+21
j  org.springframework.web.filter.OncePerRequestFilter.doFilter(Ljakarta/servlet/ServletRequest;Ljakarta/servlet/ServletResponse;Ljakarta/servlet/FilterChain;)V+150
j  org.apache.catalina.core.ApplicationFilterChain.internalDoFilter(Ljakarta/servlet/ServletRequest;Ljakarta/servlet/ServletResponse;)V+130
j  org.apache.catalina.core.ApplicationFilterChain.doFilter(Ljakarta/servlet/ServletRequest;Ljakarta/servlet/ServletResponse;)V+99
j  org.springframework.web.filter.FormContentFilter.doFilterInternal(Ljakarta/servlet/http/HttpServletRequest;Ljakarta/servlet/http/HttpServletResponse;Ljakarta/servlet/FilterChain;)V+38
j  org.springframework.web.filter.OncePerRequestFilter.doFilter(Ljakarta/servlet/ServletRequest;Ljakarta/servlet/ServletResponse;Ljakarta/servlet/FilterChain;)V+150
j  org.apache.catalina.core.ApplicationFilterChain.internalDoFilter(Ljakarta/servlet/ServletRequest;Ljakarta/servlet/ServletResponse;)V+130
j  org.apache.catalina.core.ApplicationFilterChain.doFilter(Ljakarta/servlet/ServletRequest;Ljakarta/servlet/ServletResponse;)V+99
j  org.springframework.web.filter.CharacterEncodingFilter.doFilterInternal(Ljakarta/servlet/http/HttpServletRequest;Ljakarta/servlet/http/HttpServletResponse;Ljakarta/servlet/FilterChain;)V+53
j  org.springframework.web.filter.OncePerRequestFilter.doFilter(Ljakarta/servlet/ServletRequest;Ljakarta/servlet/ServletResponse;Ljakarta/servlet/FilterChain;)V+150
j  org.apache.catalina.core.ApplicationFilterChain.internalDoFilter(Ljakarta/servlet/ServletRequest;Ljakarta/servlet/ServletResponse;)V+130
j  org.apache.catalina.core.ApplicationFilterChain.doFilter(Ljakarta/servlet/ServletRequest;Ljakarta/servlet/ServletResponse;)V+99
j  org.springframework.web.filter.CorsFilter.doFilterInternal(Ljakarta/servlet/http/HttpServletRequest;Ljakarta/servlet/http/HttpServletResponse;Ljakarta/servlet/FilterChain;)V+43
j  org.springframework.web.filter.OncePerRequestFilter.doFilter(Ljakarta/servlet/ServletRequest;Ljakarta/servlet/ServletResponse;Ljakarta/servlet/FilterChain;)V+150
j  org.apache.catalina.core.ApplicationFilterChain.internalDoFilter(Ljakarta/servlet/ServletRequest;Ljakarta/servlet/ServletResponse;)V+130
j  org.apache.catalina.core.ApplicationFilterChain.doFilter(Ljakarta/servlet/ServletRequest;Ljakarta/servlet/ServletResponse;)V+99
j  org.apache.catalina.core.StandardWrapperValve.invoke(Lorg/apache/catalina/connector/Request;Lorg/apache/catalina/connector/Response;)V+514
j  org.apache.catalina.core.StandardContextValve.invoke(Lorg/apache/catalina/connector/Request;Lorg/apache/catalina/connector/Response;)V+169
j  org.apache.catalina.authenticator.AuthenticatorBase.invoke(Lorg/apache/catalina/connector/Request;Lorg/apache/catalina/connector/Response;)V+221
j  org.apache.catalina.core.StandardHostValve.invoke(Lorg/apache/catalina/connector/Request;Lorg/apache/catalina/connector/Response;)V+131
j  org.apache.catalina.valves.ErrorReportValve.invoke(Lorg/apache/catalina/connector/Request;Lorg/apache/catalina/connector/Response;)V+6
j  org.apache.catalina.core.StandardEngineValve.invoke(Lorg/apache/catalina/connector/Request;Lorg/apache/catalina/connector/Response;)V+59
j  org.apache.catalina.connector.CoyoteAdapter.service(Lorg/apache/coyote/Request;Lorg/apache/coyote/Response;)V+188
j  org.apache.coyote.http11.Http11Processor.service(Lorg/apache/tomcat/util/net/SocketWrapperBase;)Lorg/apache/tomcat/util/net/AbstractEndpoint$Handler$SocketState;+796
j  org.apache.coyote.AbstractProcessorLight.process(Lorg/apache/tomcat/util/net/SocketWrapperBase;Lorg/apache/tomcat/util/net/SocketEvent;)Lorg/apache/tomcat/util/net/AbstractEndpoint$Handler$SocketState;+155
j  org.apache.coyote.AbstractProtocol$ConnectionHandler.process(Lorg/apache/tomcat/util/net/SocketWrapperBase;Lorg/apache/tomcat/util/net/SocketEvent;)Lorg/apache/tomcat/util/net/AbstractEndpoint$Handler$SocketState;+482
j  org.apache.tomcat.util.net.NioEndpoint$SocketProcessor.doRun()V+249
j  org.apache.tomcat.util.net.SocketProcessorBase.run()V+32
j  org.apache.tomcat.util.threads.ThreadPoolExecutor.runWorker(Lorg/apache/tomcat/util/threads/ThreadPoolExecutor$Worker;)V+92
j  org.apache.tomcat.util.threads.ThreadPoolExecutor$Worker.run()V+5
j  org.apache.tomcat.util.threads.TaskThread$WrappingRunnable.run()V+4
j  java.lang.Thread.runWith(Ljava/lang/Object;Ljava/lang/Runnable;)V+5 java.base@21.0.4
j  java.lang.Thread.run()V+19 java.base@21.0.4
v  ~StubRoutines::call_stub 0x000002cc6ad010e7

siginfo: EXCEPTION_ACCESS_VIOLATION (0xc0000005), reading address 0x000002cfdc7fbed0


Registers:
RAX=0x000002cc6fdd0000, RBX=0x000002cc672b6f50, RCX=0x000000000000002c, RDX=0x0000000000000001
RSP=0x000000e12b6fe100, RBP=0x000000e12b6fe290, RSI=0x000002cc074a5870, RDI=0x0000001b6515f6ac
R8 =0x000002cfdc7fbed0, R9 =0x000002cc7b3e6808, R10=0x000002cc6ad00000, R11=0x000000e12b6fe308
R12=0x000002cc7a947868, R13=0x000002cc7f3d5770, R14=0x000002cc7f4c4330, R15=0x0000000000000000
RIP=0x00007ffa67278f0e, EFLAGS=0x0000000000010202


Register to memory mapping:

RAX=0x000002cc6fdd0000 points into unknown readable memory: 0x0000000000000001 | 01 00 00 00 00 00 00 00
RBX=0x000002cc672b6f50 points into unknown readable memory: 0x00007ffa679814a8 | a8 14 98 67 fa 7f 00 00
RCX=0x000000000000002c is an unknown value
RDX=0x0000000000000001 is an unknown value
RSP=0x000000e12b6fe100 points into unknown readable memory: 0x000002cc6b21a8cf | cf a8 21 6b cc 02 00 00
RBP=0x000000e12b6fe290 points into unknown readable memory: 0x000000e100000000 | 00 00 00 00 e1 00 00 00
RSI=0x000002cc074a5870 points into unknown readable memory: 0x000000e12a3ff490 | 90 f4 3f 2a e1 00 00 00
RDI=0x0000001b6515f6ac is an unknown value
R8 =0x000002cfdc7fbed0 is an unknown value
R9 =0x000002cc7b3e6808 is pointing into metadata
R10=0x000002cc6ad00000 points into unknown readable memory: 0x0000000000000006 | 06 00 00 00 00 00 00 00
R11=0x000000e12b6fe308 points into unknown readable memory: 0x00007ffa6727337d | 7d 33 27 67 fa 7f 00 00
R12=0x000002cc7a947868 points into unknown readable memory: 0x4c280043fe21ffff | ff ff 21 fe 43 00 28 4c
R13=0x000002cc7f3d5770 points into unknown readable memory: 0x0000000000000000 | 00 00 00 00 00 00 00 00
R14=0x000002cc7f4c4330 points into unknown readable memory: 0x0c230112000a3102 | 02 31 0a 00 12 01 23 0c
R15=0x0 is null

Top of Stack: (sp=0x000000e12b6fe100)
0x000000e12b6fe100:   000002cc6b21a8cf 000002cc7b04da2b
0x000000e12b6fe110:   000002cc074a5870 00007ffa672a0762
0x000000e12b6fe120:   000000e12cefb560 00007ffa672a07f9
0x000000e12b6fe130:   000000e12cefb560 000000e12b6fe460
0x000000e12b6fe140:   0000000000000010 00007ffa6761a6f9
0x000000e12b6fe150:   000002cc074a5870 00007ffa672a0762
0x000000e12b6fe160:   000000e12b6fe220 000000e12b6fe460
0x000000e12b6fe170:   000000e12b6fe460 0000000000000000
0x000000e12b6fe180:   0000000000000001 00007ffa6727392b
0x000000e12b6fe190:   000002cc074a5e20 000002cc7b3ec7c8
0x000000e12b6fe1a0:   000002cc074a5e20 000000e12b6fe460
0x000000e12b6fe1b0:   0000000a00000001 000002cc7b3ec7c8
0x000000e12b6fe1c0:   000002cc7f762160 000002cc00000003
0x000000e12b6fe1d0:   00000000000003d8 000002cc7f3d5780
0x000000e12b6fe1e0:   000002cc7f3d5b58 000002cc7b3ec7ba
0x000000e12b6fe1f0:   000000e1000000b8 000002cc7b3ec7c8
0x000000e12b6fe200:   00007ffa6797cff0 000000e12b6fe460
0x000000e12b6fe210:   000002cc074a5e20 0000000400000003
0x000000e12b6fe220:   000002cc7a947868 0000001300000001
0x000000e12b6fe230:   0000000000000043 000000010000000c
0x000000e12b6fe240:   000002cc77db7398 0000000000000000
0x000000e12b6fe250:   000000e12b6fe340 000002210a460000
0x000000e12b6fe260:   000000e12b6fe340 00007ffa67103172
0x000000e12b6fe270:   0000000604c04860 00007ffa672a07f9
0x000000e12b6fe280:   0000000604c04860 000000062b6f0013
0x000000e12b6fe290:   000000e100000000 0000000000000015
0x000000e12b6fe2a0:   000002cc074a5870 00007ffa672a0762
0x000000e12b6fe2b0:   0000000000000000 0000000000000003
0x000000e12b6fe2c0:   000018b2a79810d6 00007ffa67106bf7
0x000000e12b6fe2d0:   000002cc074a5e20 00000000000003d8
0x000000e12b6fe2e0:   000002cc7f3d5b58 000000e12b6fe460
0x000000e12b6fe2f0:   000000e12b6ff950 00007ffa677b8330 

Instructions: (pc=0x00007ffa67278f0e)
0x00007ffa67278e0e:   38 f0 4c 01 04 c8 48 c7 42 08 00 00 00 00 44 89
0x00007ffa67278e1e:   12 49 ff 41 58 4c 01 5a 08 e9 4a ff ff ff 49 ff
0x00007ffa67278e2e:   41 50 4c 01 5a 08 e9 3d ff ff ff cc cc cc cc cc
0x00007ffa67278e3e:   cc cc 48 89 5c 24 08 57 48 83 ec 20 48 8b 01 48
0x00007ffa67278e4e:   8b fa 48 8b d9 ff 50 08 4c 8b c8 48 85 c0 74 66
0x00007ffa67278e5e:   4c 8b 40 10 4c 2b 00 48 c7 40 28 00 00 00 00 4c
0x00007ffa67278e6e:   89 43 18 48 8b 50 10 48 8b 48 08 48 8b c7 48 2b
0x00007ffa67278e7e:   ca 48 c1 e9 03 48 3b cf 48 0f 42 c1 48 3b c7 72
0x00007ffa67278e8e:   1e 48 8d 04 c2 49 89 41 10 90 ff 43 10 48 8b c2
0x00007ffa67278e9e:   4c 89 4b 08 48 8b 5c 24 30 48 83 c4 20 5f c3 33
0x00007ffa67278eae:   d2 90 ff 43 10 8b c2 4c 89 4b 08 48 8b 5c 24 30
0x00007ffa67278ebe:   48 83 c4 20 5f c3 48 8b 5c 24 30 48 83 c4 20 5f
0x00007ffa67278ece:   c3 cc 48 89 5c 24 08 57 48 83 ec 20 48 8b 01 48
0x00007ffa67278ede:   8b fa 48 8b d9 ff 10 48 2b 7b 08 8b 4b 18 48 8b
0x00007ffa67278eee:   43 20 48 c1 ef 03 48 d3 ef 40 0f b6 cf 48 8b d7
0x00007ffa67278efe:   48 c1 ea 06 80 e1 3f 4c 8d 04 d0 ba 01 00 00 00
0x00007ffa67278f0e:   49 8b 00 48 d3 e2 48 8b c8 48 0b ca 48 3b c8 74
0x00007ffa67278f1e:   13 90 f0 49 0f b1 08 74 18 48 8b c8 48 0b ca 48
0x00007ffa67278f2e:   3b c8 75 ee 32 c0 48 8b 5c 24 30 48 83 c4 20 5f
0x00007ffa67278f3e:   c3 48 8b 5c 24 30 b0 01 48 83 c4 20 5f c3 cc cc
0x00007ffa67278f4e:   cc cc 48 89 5c 24 08 57 48 83 ec 20 4c 8b 41 30
0x00007ffa67278f5e:   48 8b da 48 8b f9 45 8b 88 80 00 00 00 41 8b 80
0x00007ffa67278f6e:   00 01 00 00 41 8b d1 2b d0 81 e2 ff ff 01 00 81
0x00007ffa67278f7e:   fa fe ff 01 00 73 26 49 8b 80 80 01 00 00 4a 89
0x00007ffa67278f8e:   1c c8 41 8d 41 01 25 ff ff 01 00 41 89 80 80 00
0x00007ffa67278f9e:   00 00 48 8b 5c 24 30 48 83 c4 20 5f c3 e8 e0 b1
0x00007ffa67278fae:   01 00 48 8b 57 30 44 8b 82 80 00 00 00 8b 82 00
0x00007ffa67278fbe:   01 00 00 41 8b c8 2b c8 81 e1 ff ff 01 00 81 f9
0x00007ffa67278fce:   fe ff 01 00 73 1a 48 8b 82 80 01 00 00 4a 89 1c
0x00007ffa67278fde:   c0 41 8d 40 01 25 ff ff 01 00 89 82 80 00 00 00
0x00007ffa67278fee:   48 8b 5c 24 30 48 83 c4 20 5f c3 cc cc cc cc cc
0x00007ffa67278ffe:   cc cc 48 89 5c 24 08 57 48 83 ec 20 48 8b 79 08 


Stack slot to memory mapping:

stack at sp + 0 slots: 0x000002cc6b21a8cf is at entry_point+271 in (nmethod*)0x000002cc6b21a610
Compiled method (c1)   91414 1373       1       java.security.AccessController::executePrivileged (65 bytes)
 total in heap  [0x000002cc6b21a610,0x000002cc6b21a950] = 832
 relocation     [0x000002cc6b21a768,0x000002cc6b21a7b0] = 72
 main code      [0x000002cc6b21a7c0,0x000002cc6b21a880] = 192
 stub code      [0x000002cc6b21a880,0x000002cc6b21a8d8] = 88
 metadata       [0x000002cc6b21a8d8,0x000002cc6b21a8e8] = 16
 scopes data    [0x000002cc6b21a8e8,0x000002cc6b21a908] = 32
 scopes pcs     [0x000002cc6b21a908,0x000002cc6b21a948] = 64
 dependencies   [0x000002cc6b21a948,0x000002cc6b21a950] = 8
stack at sp + 1 slots: 0x000002cc7b04da2b is pointing into metadata
stack at sp + 2 slots: 0x000002cc074a5870 points into unknown readable memory: 0x000000e12a3ff490 | 90 f4 3f 2a e1 00 00 00
stack at sp + 3 slots: 0x00007ffa672a0762 jvm.dll
stack at sp + 4 slots: 0x000000e12cefb560 is pointing into the stack for thread: 0x000002cc0744bff0
stack at sp + 5 slots: 0x00007ffa672a07f9 jvm.dll
stack at sp + 6 slots: 0x000000e12cefb560 is pointing into the stack for thread: 0x000002cc0744bff0
stack at sp + 7 slots: 0x000000e12b6fe460 points into unknown readable memory: 0x000000e12cefb558 | 58 b5 ef 2c e1 00 00 00


---------------  P R O C E S S  ---------------

Threads class SMR info:
_java_thread_list=0x000002cc07616ae0, length=27, elements={
0x000002cc7a7e49e0, 0x000002cc7a7e65b0, 0x000002cc7a818190, 0x000002cc7a843730,
0x000002cc7a845e00, 0x000002cc7a848640, 0x000002cc7a839ba0, 0x000002cc7a9392e0,
0x000002cc7aa9ed50, 0x000002cc7aac4b20, 0x000002cc7aac51a0, 0x000002cc7f4f8830,
0x000002cc7f715c60, 0x000002cc7f73fc90, 0x000002cc7f775190, 0x000002cc00432cc0,
0x000002cc004737f0, 0x000002cc004858c0, 0x000002cc005323f0, 0x000002cc0744da30,
0x000002cc0744bff0, 0x000002cc0744d3a0, 0x000002cc0744e750, 0x000002cc07451bd0,
0x000002cc0744ede0, 0x000002cc07450eb0, 0x000002cc005337a0
}

Java Threads: ( => current thread )
  0x000002cc7a7e49e0 JavaThread "Reference Handler"          daemon [_thread_blocked, id=30712, stack(0x000000e12a400000,0x000000e12a500000) (1024K)]
  0x000002cc7a7e65b0 JavaThread "Finalizer"                  daemon [_thread_blocked, id=22416, stack(0x000000e12a500000,0x000000e12a600000) (1024K)]
  0x000002cc7a818190 JavaThread "Signal Dispatcher"          daemon [_thread_blocked, id=8956, stack(0x000000e12a600000,0x000000e12a700000) (1024K)]
  0x000002cc7a843730 JavaThread "Attach Listener"            daemon [_thread_blocked, id=25888, stack(0x000000e12a700000,0x000000e12a800000) (1024K)]
  0x000002cc7a845e00 JavaThread "Service Thread"             daemon [_thread_blocked, id=21208, stack(0x000000e12a800000,0x000000e12a900000) (1024K)]
  0x000002cc7a848640 JavaThread "Monitor Deflation Thread"   daemon [_thread_blocked, id=16276, stack(0x000000e12a900000,0x000000e12aa00000) (1024K)]
  0x000002cc7a839ba0 JavaThread "C1 CompilerThread0"         daemon [_thread_blocked, id=27912, stack(0x000000e12aa00000,0x000000e12ab00000) (1024K)]
  0x000002cc7a9392e0 JavaThread "Common-Cleaner"             daemon [_thread_blocked, id=15120, stack(0x000000e12ab00000,0x000000e12ac00000) (1024K)]
  0x000002cc7aa9ed50 JavaThread "JDWP Transport Listener: dt_socket" daemon [_thread_blocked, id=19476, stack(0x000000e12ad00000,0x000000e12ae00000) (1024K)]
  0x000002cc7aac4b20 JavaThread "JDWP Event Helper Thread"   daemon [_thread_blocked, id=13724, stack(0x000000e12ae00000,0x000000e12af00000) (1024K)]
  0x000002cc7aac51a0 JavaThread "JDWP Command Reader"        daemon [_thread_blocked, id=27868, stack(0x000000e12af00000,0x000000e12b000000) (1024K)]
  0x000002cc7f4f8830 JavaThread "Notification Thread"        daemon [_thread_blocked, id=26668, stack(0x000000e12b000000,0x000000e12b100000) (1024K)]
  0x000002cc7f715c60 JavaThread "RMI TCP Accept-0"           daemon [_thread_in_native, id=12524, stack(0x000000e12b300000,0x000000e12b400000) (1024K)]
  0x000002cc7f73fc90 JavaThread "RMI TCP Accept-62673"       daemon [_thread_in_native, id=23744, stack(0x000000e12b400000,0x000000e12b500000) (1024K)]
  0x000002cc7f775190 JavaThread "RMI TCP Accept-0"           daemon [_thread_in_native, id=11816, stack(0x000000e12bc00000,0x000000e12bd00000) (1024K)]
  0x000002cc00432cc0 JavaThread "RMI Scheduler(0)"           daemon [_thread_blocked, id=19876, stack(0x000000e12be00000,0x000000e12bf00000) (1024K)]
  0x000002cc004737f0 JavaThread "RMI TCP Connection(idle)"   daemon [_thread_blocked, id=27588, stack(0x000000e12bf00000,0x000000e12c000000) (1024K)]
  0x000002cc004858c0 JavaThread "JMX server connection timeout 38" daemon [_thread_blocked, id=6756, stack(0x000000e12c000000,0x000000e12c100000) (1024K)]
  0x000002cc005323f0 JavaThread "mysql-cj-abandoned-connection-cleanup" daemon [_thread_blocked, id=19988, stack(0x000000e12c700000,0x000000e12c800000) (1024K)]
  0x000002cc0744da30 JavaThread "Live Reload Server"         daemon [_thread_in_native, id=2980, stack(0x000000e12cd00000,0x000000e12ce00000) (1024K)]
  0x000002cc0744bff0 JavaThread "http-nio-8080-exec-2"       daemon [_thread_blocked, id=28760, stack(0x000000e12ce00000,0x000000e12cf00000) (1024K)]
  0x000002cc0744d3a0 JavaThread "http-nio-8080-exec-3"       daemon [_thread_blocked, id=11328, stack(0x000000e12cf00000,0x000000e12d000000) (1024K)]
  0x000002cc0744e750 JavaThread "http-nio-8080-exec-6"       daemon [_thread_blocked, id=12596, stack(0x000000e12d200000,0x000000e12d300000) (1024K)]
  0x000002cc07451bd0 JavaThread "http-nio-8080-exec-8"       daemon [_thread_blocked, id=9484, stack(0x000000e12d400000,0x000000e12d500000) (1024K)]
  0x000002cc0744ede0 JavaThread "http-nio-8080-exec-10"      daemon [_thread_blocked, id=21500, stack(0x000000e12d600000,0x000000e12d700000) (1024K)]
  0x000002cc07450eb0 JavaThread "DestroyJavaVM"                     [_thread_blocked, id=27116, stack(0x000000e129c00000,0x000000e129d00000) (1024K)]
  0x000002cc005337a0 JavaThread "Thread-5"                          [_thread_blocked, id=23712, stack(0x000000e129900000,0x000000e129a00000) (1024K)]
Total: 27

Other Threads:
  0x000002cc7a77d4a0 VMThread "VM Thread"                           [id=27616, stack(0x000000e12a300000,0x000000e12a400000) (1024K)]
  0x000002cc77e94a60 WatcherThread "VM Periodic Task Thread"        [id=8520, stack(0x000000e12a200000,0x000000e12a300000) (1024K)]
  0x000002cc672b6850 WorkerThread "GC Thread#0"                     [id=20608, stack(0x000000e129d00000,0x000000e129e00000) (1024K)]
  0x000002cc7f761dc0 WorkerThread "GC Thread#1"                     [id=22992, stack(0x000000e12b500000,0x000000e12b600000) (1024K)]
=>0x000002cc7f762160 WorkerThread "GC Thread#2"                     [id=21040, stack(0x000000e12b600000,0x000000e12b700000) (1024K)]
  0x000002cc7f762500 WorkerThread "GC Thread#3"                     [id=19596, stack(0x000000e12b700000,0x000000e12b800000) (1024K)]
  0x000002cc7f764cb0 WorkerThread "GC Thread#4"                     [id=23136, stack(0x000000e12b800000,0x000000e12b900000) (1024K)]
  0x000002cc7f765050 WorkerThread "GC Thread#5"                     [id=11060, stack(0x000000e12b900000,0x000000e12ba00000) (1024K)]
  0x000002cc7f7653f0 WorkerThread "GC Thread#6"                     [id=15616, stack(0x000000e12ba00000,0x000000e12bb00000) (1024K)]
  0x000002cc7f765790 WorkerThread "GC Thread#7"                     [id=26340, stack(0x000000e12bb00000,0x000000e12bc00000) (1024K)]
  0x000002cc77cc8320 ConcurrentGCThread "G1 Main Marker"            [id=27076, stack(0x000000e129e00000,0x000000e129f00000) (1024K)]
  0x000002cc77cc8990 WorkerThread "G1 Conc#0"                       [id=14340, stack(0x000000e129f00000,0x000000e12a000000) (1024K)]
  0x000002cc005cc140 WorkerThread "G1 Conc#1"                       [id=22680, stack(0x000000e12c300000,0x000000e12c400000) (1024K)]
  0x000002cc77d636c0 ConcurrentGCThread "G1 Refine#0"               [id=16472, stack(0x000000e12a000000,0x000000e12a100000) (1024K)]
  0x000002cc77d640d0 ConcurrentGCThread "G1 Service"                [id=26000, stack(0x000000e12a100000,0x000000e12a200000) (1024K)]
Total: 15

Threads with active compile tasks:
C1 CompilerThread0    91422 7596       1       java.util.concurrent.locks.AbstractQueuedSynchronizer::acquire (20 bytes)
Total: 1

VM state: at safepoint (normal execution)

VM Mutex/Monitor currently owned by a thread:  ([mutex/lock_event])
[0x00007ffa67c07308] Threads_lock - owner thread: 0x000002cc7a77d4a0
[0x00007ffa67c07408] Heap_lock - owner thread: 0x000002cc005337a0

Heap address: 0x0000000604400000, size: 8124 MB, Compressed Oops mode: Zero based, Oop shift amount: 3

CDS archive(s) not mapped
Compressed class space mapped at: 0x0000000800000000-0x0000000840000000, reserved size: 1073741824
Narrow klass base: 0x0000000800000000, Narrow klass shift: 0, Narrow klass range: 0x40000000

GC Precious Log:
 CardTable entry size: 512
 Card Set container configuration: InlinePtr #cards 4 size 8 Array Of Cards #cards 32 size 80 Howl #buckets 8 coarsen threshold 7372 Howl Bitmap #cards 1024 size 144 coarsen threshold 921 Card regions per heap region 1 cards per card region 8192
 CPUs: 8 total, 8 available
 Memory: 32491M
 Large Page Support: Disabled
 NUMA Support: Disabled
 Compressed Oops: Enabled (Zero based)
 Heap Region Size: 4M
 Heap Min Capacity: 8M
 Heap Initial Capacity: 508M
 Heap Max Capacity: 8124M
 Pre-touch: Disabled
 Parallel Workers: 8
 Concurrent Workers: 2
 Concurrent Refinement Workers: 8
 Periodic GC: Disabled

Heap:
 garbage-first heap   total 315392K, used 116007K [0x0000000604400000, 0x0000000800000000)
  region size 4096K, 21 young (86016K), 2 survivors (8192K)
 Metaspace       used 95726K, committed 96512K, reserved 1179648K
  class space    used 13032K, committed 13376K, reserved 1048576K

Heap Regions: E=young(eden), S=young(survivor), O=old, HS=humongous(starts), HC=humongous(continues), CS=collection set, F=free, TAMS=top-at-mark-start, PB=parsable bottom
|   0|0x0000000604400000, 0x0000000604800000, 0x0000000604800000|100%| O|  |TAMS 0x0000000604400000| PB 0x0000000604800000| Untracked 
|   1|0x0000000604800000, 0x0000000604c00000, 0x0000000604c00000|100%| O|  |TAMS 0x0000000604800000| PB 0x0000000604c00000| Untracked 
|   2|0x0000000604c00000, 0x0000000605000000, 0x0000000605000000|100%| O|  |TAMS 0x0000000604c00000| PB 0x0000000605000000| Untracked 
|   3|0x0000000605000000, 0x0000000605400000, 0x0000000605400000|100%| O|  |TAMS 0x0000000605000000| PB 0x0000000605400000| Untracked 
|   4|0x0000000605400000, 0x000000060576c508, 0x0000000605800000| 85%| O|  |TAMS 0x0000000605400000| PB 0x000000060576c508| Untracked 
|   5|0x0000000605800000, 0x0000000605c00000, 0x0000000605c00000|100%| O|  |TAMS 0x0000000605800000| PB 0x0000000605c00000| Untracked 
|   6|0x0000000605c00000, 0x0000000606000000, 0x0000000606000000|100%| O|  |TAMS 0x0000000605c00000| PB 0x0000000606000000| Untracked 
|   7|0x0000000606000000, 0x0000000606400000, 0x0000000606400000|100%| O|  |TAMS 0x0000000606000000| PB 0x0000000606400000| Untracked 
|   8|0x0000000606400000, 0x0000000606400000, 0x0000000606800000|  0%| F|  |TAMS 0x0000000606400000| PB 0x0000000606400000| Untracked 
|   9|0x0000000606800000, 0x0000000606800000, 0x0000000606c00000|  0%| F|  |TAMS 0x0000000606800000| PB 0x0000000606800000| Untracked 
|  10|0x0000000606c00000, 0x0000000606f17b00, 0x0000000607000000| 77%| S|  |TAMS 0x0000000606c00000| PB 0x0000000606f17b00| Complete 
|  11|0x0000000607000000, 0x0000000607400000, 0x0000000607400000|100%| S|  |TAMS 0x0000000607000000| PB 0x0000000607400000| Complete 
|  12|0x0000000607400000, 0x0000000607400000, 0x0000000607800000|  0%| F|  |TAMS 0x0000000607400000| PB 0x0000000607400000| Untracked 
|  13|0x0000000607800000, 0x0000000607800000, 0x0000000607c00000|  0%| F|  |TAMS 0x0000000607800000| PB 0x0000000607800000| Untracked 
|  14|0x0000000607c00000, 0x0000000607c00000, 0x0000000608000000|  0%| F|  |TAMS 0x0000000607c00000| PB 0x0000000607c00000| Untracked 
|  15|0x0000000608000000, 0x0000000608000000, 0x0000000608400000|  0%| F|  |TAMS 0x0000000608000000| PB 0x0000000608000000| Untracked 
|  16|0x0000000608400000, 0x0000000608400000, 0x0000000608800000|  0%| F|  |TAMS 0x0000000608400000| PB 0x0000000608400000| Untracked 
|  17|0x0000000608800000, 0x0000000608800000, 0x0000000608c00000|  0%| F|  |TAMS 0x0000000608800000| PB 0x0000000608800000| Untracked 
|  18|0x0000000608c00000, 0x0000000608c00000, 0x0000000609000000|  0%| F|  |TAMS 0x0000000608c00000| PB 0x0000000608c00000| Untracked 
|  19|0x0000000609000000, 0x0000000609000000, 0x0000000609400000|  0%| F|  |TAMS 0x0000000609000000| PB 0x0000000609000000| Untracked 
|  20|0x0000000609400000, 0x0000000609400000, 0x0000000609800000|  0%| F|  |TAMS 0x0000000609400000| PB 0x0000000609400000| Untracked 
|  21|0x0000000609800000, 0x0000000609800000, 0x0000000609c00000|  0%| F|  |TAMS 0x0000000609800000| PB 0x0000000609800000| Untracked 
|  22|0x0000000609c00000, 0x0000000609c00000, 0x000000060a000000|  0%| F|  |TAMS 0x0000000609c00000| PB 0x0000000609c00000| Untracked 
|  23|0x000000060a000000, 0x000000060a000000, 0x000000060a400000|  0%| F|  |TAMS 0x000000060a000000| PB 0x000000060a000000| Untracked 
|  24|0x000000060a400000, 0x000000060a400000, 0x000000060a800000|  0%| F|  |TAMS 0x000000060a400000| PB 0x000000060a400000| Untracked 
|  25|0x000000060a800000, 0x000000060a800000, 0x000000060ac00000|  0%| F|  |TAMS 0x000000060a800000| PB 0x000000060a800000| Untracked 
|  26|0x000000060ac00000, 0x000000060ac00000, 0x000000060b000000|  0%| F|  |TAMS 0x000000060ac00000| PB 0x000000060ac00000| Untracked 
|  27|0x000000060b000000, 0x000000060b000000, 0x000000060b400000|  0%| F|  |TAMS 0x000000060b000000| PB 0x000000060b000000| Untracked 
|  28|0x000000060b400000, 0x000000060b400000, 0x000000060b800000|  0%| F|  |TAMS 0x000000060b400000| PB 0x000000060b400000| Untracked 
|  29|0x000000060b800000, 0x000000060b800000, 0x000000060bc00000|  0%| F|  |TAMS 0x000000060b800000| PB 0x000000060b800000| Untracked 
|  30|0x000000060bc00000, 0x000000060bc00000, 0x000000060c000000|  0%| F|  |TAMS 0x000000060bc00000| PB 0x000000060bc00000| Untracked 
|  31|0x000000060c000000, 0x000000060c000000, 0x000000060c400000|  0%| F|  |TAMS 0x000000060c000000| PB 0x000000060c000000| Untracked 
|  32|0x000000060c400000, 0x000000060c400000, 0x000000060c800000|  0%| F|  |TAMS 0x000000060c400000| PB 0x000000060c400000| Untracked 
|  33|0x000000060c800000, 0x000000060c800000, 0x000000060cc00000|  0%| F|  |TAMS 0x000000060c800000| PB 0x000000060c800000| Untracked 
|  34|0x000000060cc00000, 0x000000060cc00000, 0x000000060d000000|  0%| F|  |TAMS 0x000000060cc00000| PB 0x000000060cc00000| Untracked 
|  35|0x000000060d000000, 0x000000060d000000, 0x000000060d400000|  0%| F|  |TAMS 0x000000060d000000| PB 0x000000060d000000| Untracked 
|  36|0x000000060d400000, 0x000000060d400000, 0x000000060d800000|  0%| F|  |TAMS 0x000000060d400000| PB 0x000000060d400000| Untracked 
|  37|0x000000060d800000, 0x000000060d800000, 0x000000060dc00000|  0%| F|  |TAMS 0x000000060d800000| PB 0x000000060d800000| Untracked 
|  38|0x000000060dc00000, 0x000000060dc00000, 0x000000060e000000|  0%| F|  |TAMS 0x000000060dc00000| PB 0x000000060dc00000| Untracked 
|  39|0x000000060e000000, 0x000000060e000000, 0x000000060e400000|  0%| F|  |TAMS 0x000000060e000000| PB 0x000000060e000000| Untracked 
|  40|0x000000060e400000, 0x000000060e400000, 0x000000060e800000|  0%| F|  |TAMS 0x000000060e400000| PB 0x000000060e400000| Untracked 
|  41|0x000000060e800000, 0x000000060e800000, 0x000000060ec00000|  0%| F|  |TAMS 0x000000060e800000| PB 0x000000060e800000| Untracked 
|  42|0x000000060ec00000, 0x000000060ec00000, 0x000000060f000000|  0%| F|  |TAMS 0x000000060ec00000| PB 0x000000060ec00000| Untracked 
|  43|0x000000060f000000, 0x000000060f000000, 0x000000060f400000|  0%| F|  |TAMS 0x000000060f000000| PB 0x000000060f000000| Untracked 
|  44|0x000000060f400000, 0x000000060f400000, 0x000000060f800000|  0%| F|  |TAMS 0x000000060f400000| PB 0x000000060f400000| Untracked 
|  45|0x000000060f800000, 0x000000060f800000, 0x000000060fc00000|  0%| F|  |TAMS 0x000000060f800000| PB 0x000000060f800000| Untracked 
|  46|0x000000060fc00000, 0x000000060fc00000, 0x0000000610000000|  0%| F|  |TAMS 0x000000060fc00000| PB 0x000000060fc00000| Untracked 
|  47|0x0000000610000000, 0x0000000610000000, 0x0000000610400000|  0%| F|  |TAMS 0x0000000610000000| PB 0x0000000610000000| Untracked 
|  48|0x0000000610400000, 0x0000000610400000, 0x0000000610800000|  0%| F|  |TAMS 0x0000000610400000| PB 0x0000000610400000| Untracked 
|  49|0x0000000610800000, 0x0000000610800000, 0x0000000610c00000|  0%| F|  |TAMS 0x0000000610800000| PB 0x0000000610800000| Untracked 
|  50|0x0000000610c00000, 0x0000000610c00000, 0x0000000611000000|  0%| F|  |TAMS 0x0000000610c00000| PB 0x0000000610c00000| Untracked 
|  51|0x0000000611000000, 0x0000000611000000, 0x0000000611400000|  0%| F|  |TAMS 0x0000000611000000| PB 0x0000000611000000| Untracked 
|  52|0x0000000611400000, 0x0000000611400000, 0x0000000611800000|  0%| F|  |TAMS 0x0000000611400000| PB 0x0000000611400000| Untracked 
|  53|0x0000000611800000, 0x0000000611800000, 0x0000000611c00000|  0%| F|  |TAMS 0x0000000611800000| PB 0x0000000611800000| Untracked 
|  54|0x0000000611c00000, 0x0000000611c00000, 0x0000000612000000|  0%| F|  |TAMS 0x0000000611c00000| PB 0x0000000611c00000| Untracked 
|  55|0x0000000612000000, 0x0000000612000000, 0x0000000612400000|  0%| F|  |TAMS 0x0000000612000000| PB 0x0000000612000000| Untracked 
|  56|0x0000000612400000, 0x0000000612400000, 0x0000000612800000|  0%| F|  |TAMS 0x0000000612400000| PB 0x0000000612400000| Untracked 
|  57|0x0000000612800000, 0x0000000612800000, 0x0000000612c00000|  0%| F|  |TAMS 0x0000000612800000| PB 0x0000000612800000| Untracked 
|  58|0x0000000612c00000, 0x0000000612ec5ca8, 0x0000000613000000| 69%| E|  |TAMS 0x0000000612c00000| PB 0x0000000612ec5ca8| Complete 
|  59|0x0000000613000000, 0x0000000613400000, 0x0000000613400000|100%| E|  |TAMS 0x0000000613000000| PB 0x0000000613400000| Complete 
|  60|0x0000000613400000, 0x0000000613800000, 0x0000000613800000|100%| E|  |TAMS 0x0000000613400000| PB 0x0000000613800000| Complete 
|  61|0x0000000613800000, 0x0000000613c00000, 0x0000000613c00000|100%| E|  |TAMS 0x0000000613800000| PB 0x0000000613c00000| Complete 
|  62|0x0000000613c00000, 0x0000000614000000, 0x0000000614000000|100%| E|  |TAMS 0x0000000613c00000| PB 0x0000000614000000| Complete 
|  63|0x0000000614000000, 0x0000000614400000, 0x0000000614400000|100%| E|  |TAMS 0x0000000614000000| PB 0x0000000614400000| Complete 
|  64|0x0000000614400000, 0x0000000614800000, 0x0000000614800000|100%| E|  |TAMS 0x0000000614400000| PB 0x0000000614800000| Complete 
|  65|0x0000000614800000, 0x0000000614c00000, 0x0000000614c00000|100%| E|  |TAMS 0x0000000614800000| PB 0x0000000614c00000| Complete 
|  66|0x0000000614c00000, 0x0000000615000000, 0x0000000615000000|100%| E|  |TAMS 0x0000000614c00000| PB 0x0000000615000000| Complete 
|  67|0x0000000615000000, 0x0000000615400000, 0x0000000615400000|100%| E|  |TAMS 0x0000000615000000| PB 0x0000000615400000| Complete 
|  68|0x0000000615400000, 0x0000000615800000, 0x0000000615800000|100%| E|  |TAMS 0x0000000615400000| PB 0x0000000615800000| Complete 
|  69|0x0000000615800000, 0x0000000615c00000, 0x0000000615c00000|100%| E|  |TAMS 0x0000000615800000| PB 0x0000000615c00000| Complete 
|  70|0x0000000615c00000, 0x0000000616000000, 0x0000000616000000|100%| E|  |TAMS 0x0000000615c00000| PB 0x0000000616000000| Complete 
|  71|0x0000000616000000, 0x0000000616400000, 0x0000000616400000|100%| E|  |TAMS 0x0000000616000000| PB 0x0000000616400000| Complete 
|  72|0x0000000616400000, 0x0000000616800000, 0x0000000616800000|100%| E|  |TAMS 0x0000000616400000| PB 0x0000000616800000| Complete 
|  73|0x0000000616800000, 0x0000000616c00000, 0x0000000616c00000|100%| E|  |TAMS 0x0000000616800000| PB 0x0000000616c00000| Complete 
|  74|0x0000000616c00000, 0x0000000617000000, 0x0000000617000000|100%| E|  |TAMS 0x0000000616c00000| PB 0x0000000617000000| Complete 
|  75|0x0000000617000000, 0x0000000617400000, 0x0000000617400000|100%| E|  |TAMS 0x0000000617000000| PB 0x0000000617400000| Complete 
| 126|0x0000000623c00000, 0x0000000624000000, 0x0000000624000000|100%| E|  |TAMS 0x0000000623c00000| PB 0x0000000624000000| Complete 

Card table byte_map: [0x000002cc6edf0000,0x000002cc6fdd0000] _byte_map_base: 0x000002cc6bdce000

Marking Bits: (CMBitMap*) 0x000002cc672b6f50
 Bits: [0x000002cc6fdd0000, 0x000002cc77cc0000)

Polling page: 0x000002cc650f0000

Metaspace:

Usage:
  Non-class:     80.76 MB used.
      Class:     12.73 MB used.
       Both:     93.48 MB used.

Virtual space:
  Non-class space:      128.00 MB reserved,      81.19 MB ( 63%) committed,  2 nodes.
      Class space:        1.00 GB reserved,      13.06 MB (  1%) committed,  1 nodes.
             Both:        1.12 GB reserved,      94.25 MB (  8%) committed. 

Chunk freelists:
   Non-Class:  14.59 MB
       Class:  2.84 MB
        Both:  17.43 MB

MaxMetaspaceSize: unlimited
CompressedClassSpaceSize: 1.00 GB
Initial GC threshold: 21.00 MB
Current GC threshold: 98.38 MB
CDS: off
 - commit_granule_bytes: 65536.
 - commit_granule_words: 8192.
 - virtual_space_node_default_size: 8388608.
 - enlarge_chunks_in_place: 1.
 - use_allocation_guard: 0.


Internal statistics:

num_allocs_failed_limit: 9.
num_arena_births: 1098.
num_arena_deaths: 0.
num_vsnodes_births: 3.
num_vsnodes_deaths: 0.
num_space_committed: 1508.
num_space_uncommitted: 0.
num_chunks_returned_to_freelist: 9.
num_chunks_taken_from_freelist: 4033.
num_chunk_merges: 6.
num_chunk_splits: 2994.
num_chunks_enlarged: 2369.
num_inconsistent_stats: 0.

CodeCache: size=49152Kb used=14440Kb max_used=15760Kb free=34711Kb
 bounds [0x000002cc6ad00000, 0x000002cc6bc70000, 0x000002cc6dd00000]
 total_blobs=8313 nmethods=7542 adapters=694
 compilation: enabled
              stopped_count=0, restarted_count=0
 full_count=0

Compilation events (20 events):
Event: 89.023 Thread 0x000002cc7a839ba0 7587       1       java.time.ZonedDateTime::getLong (83 bytes)
Event: 89.024 Thread 0x000002cc7a839ba0 nmethod 7587 0x000002cc6b061710 code [0x000002cc6b061900, 0x000002cc6b061bd0]
Event: 89.025 Thread 0x000002cc7a839ba0 7588       1       org.apache.catalina.util.LifecycleBase::getState (5 bytes)
Event: 89.026 Thread 0x000002cc7a839ba0 nmethod 7588 0x000002cc6b061410 code [0x000002cc6b0615a0, 0x000002cc6b061670]
Event: 91.077 Thread 0x000002cc7a839ba0 7589       1       java.lang.Thread::onSpinWait (1 bytes)
Event: 91.077 Thread 0x000002cc7a839ba0 nmethod 7589 0x000002cc6b061110 code [0x000002cc6b0612a0, 0x000002cc6b061348]
Event: 91.326 Thread 0x000002cc7a839ba0 7590       1       java.lang.StackTraceElement::toString (298 bytes)
Event: 91.327 Thread 0x000002cc7a839ba0 nmethod 7590 0x000002cc6b05ff90 code [0x000002cc6b060240, 0x000002cc6b060a40]
Event: 91.327 Thread 0x000002cc7a839ba0 7591       1       java.lang.StackTraceElement::dropClassLoaderName (16 bytes)
Event: 91.327 Thread 0x000002cc7a839ba0 nmethod 7591 0x000002cc6b05fc90 code [0x000002cc6b05fe20, 0x000002cc6b05ff00]
Event: 91.327 Thread 0x000002cc7a839ba0 7592       1       java.lang.StackTraceElement::isNativeMethod (15 bytes)
Event: 91.327 Thread 0x000002cc7a839ba0 nmethod 7592 0x000002cc6b05f990 code [0x000002cc6b05fb20, 0x000002cc6b05fbf8]
Event: 91.329 Thread 0x000002cc7a839ba0 7593       1       org.apache.catalina.util.LifecycleBase::fireLifecycleEvent (56 bytes)
Event: 91.329 Thread 0x000002cc7a839ba0 nmethod 7593 0x000002cc6b05f210 code [0x000002cc6b05f400, 0x000002cc6b05f7c8]
Event: 91.329 Thread 0x000002cc7a839ba0 7594       1       org.apache.catalina.LifecycleEvent::<init> (16 bytes)
Event: 91.329 Thread 0x000002cc7a839ba0 nmethod 7594 0x000002cc6b05ec90 code [0x000002cc6b05ee40, 0x000002cc6b05f0f0]
Event: 91.329 Thread 0x000002cc7a839ba0 7595       1       org.apache.juli.logging.DirectJDKLog::isDebugEnabled (11 bytes)
Event: 91.329 Thread 0x000002cc7a839ba0 nmethod 7595 0x000002cc6b05e890 code [0x000002cc6b05ea20, 0x000002cc6b05eb38]
Event: 91.329 Thread 0x000002cc7a839ba0 7596       1       java.util.concurrent.locks.AbstractQueuedSynchronizer::acquire (20 bytes)
Event: 91.330 Thread 0x000002cc7a839ba0 nmethod 7596 0x000002cc6b05e490 code [0x000002cc6b05e640, 0x000002cc6b05e7b0]

GC Heap History (20 events):
Event: 3.972 GC heap after
{Heap after GC invocations=13 (full 0):
 garbage-first heap   total 69632K, used 21009K [0x0000000604400000, 0x0000000800000000)
  region size 4096K, 2 young (8192K), 2 survivors (8192K)
 Metaspace       used 43532K, committed 44096K, reserved 1114112K
  class space    used 5416K, committed 5696K, reserved 1048576K
}
Event: 4.360 GC heap before
{Heap before GC invocations=13 (full 0):
 garbage-first heap   total 69632K, used 49681K [0x0000000604400000, 0x0000000800000000)
  region size 4096K, 10 young (40960K), 2 survivors (8192K)
 Metaspace       used 45635K, committed 46208K, reserved 1114112K
  class space    used 5702K, committed 5952K, reserved 1048576K
}
Event: 4.364 GC heap after
{Heap after GC invocations=14 (full 0):
 garbage-first heap   total 294912K, used 22108K [0x0000000604400000, 0x0000000800000000)
  region size 4096K, 2 young (8192K), 2 survivors (8192K)
 Metaspace       used 45635K, committed 46208K, reserved 1114112K
  class space    used 5702K, committed 5952K, reserved 1048576K
}
Event: 5.569 GC heap before
{Heap before GC invocations=14 (full 0):
 garbage-first heap   total 294912K, used 132700K [0x0000000604400000, 0x0000000800000000)
  region size 4096K, 31 young (126976K), 2 survivors (8192K)
 Metaspace       used 59698K, committed 60288K, reserved 1114112K
  class space    used 7587K, committed 7872K, reserved 1048576K
}
Event: 5.576 GC heap after
{Heap after GC invocations=15 (full 0):
 garbage-first heap   total 294912K, used 25565K [0x0000000604400000, 0x0000000800000000)
  region size 4096K, 3 young (12288K), 3 survivors (12288K)
 Metaspace       used 59698K, committed 60288K, reserved 1114112K
  class space    used 7587K, committed 7872K, reserved 1048576K
}
Event: 6.104 GC heap before
{Heap before GC invocations=16 (full 0):
 garbage-first heap   total 110592K, used 78813K [0x0000000604400000, 0x0000000800000000)
  region size 4096K, 16 young (65536K), 3 survivors (12288K)
 Metaspace       used 64292K, committed 64896K, reserved 1114112K
  class space    used 8232K, committed 8512K, reserved 1048576K
}
Event: 6.111 GC heap after
{Heap after GC invocations=17 (full 0):
 garbage-first heap   total 110592K, used 27010K [0x0000000604400000, 0x0000000800000000)
  region size 4096K, 2 young (8192K), 2 survivors (8192K)
 Metaspace       used 64292K, committed 64896K, reserved 1114112K
  class space    used 8232K, committed 8512K, reserved 1048576K
}
Event: 6.778 GC heap before
{Heap before GC invocations=17 (full 0):
 garbage-first heap   total 110592K, used 84354K [0x0000000604400000, 0x0000000800000000)
  region size 4096K, 16 young (65536K), 2 survivors (8192K)
 Metaspace       used 70651K, committed 71232K, reserved 1114112K
  class space    used 9250K, committed 9536K, reserved 1048576K
}
Event: 6.783 GC heap after
{Heap after GC invocations=18 (full 0):
 garbage-first heap   total 110592K, used 27990K [0x0000000604400000, 0x0000000800000000)
  region size 4096K, 1 young (4096K), 1 survivors (4096K)
 Metaspace       used 70651K, committed 71232K, reserved 1114112K
  class space    used 9250K, committed 9536K, reserved 1048576K
}
Event: 7.406 GC heap before
{Heap before GC invocations=18 (full 0):
 garbage-first heap   total 110592K, used 89430K [0x0000000604400000, 0x0000000800000000)
  region size 4096K, 16 young (65536K), 1 survivors (4096K)
 Metaspace       used 76156K, committed 76864K, reserved 1179648K
  class space    used 10027K, committed 10368K, reserved 1048576K
}
Event: 7.409 GC heap after
{Heap after GC invocations=19 (full 0):
 garbage-first heap   total 110592K, used 29757K [0x0000000604400000, 0x0000000800000000)
  region size 4096K, 2 young (8192K), 2 survivors (8192K)
 Metaspace       used 76156K, committed 76864K, reserved 1179648K
  class space    used 10027K, committed 10368K, reserved 1048576K
}
Event: 8.003 GC heap before
{Heap before GC invocations=19 (full 0):
 garbage-first heap   total 110592K, used 87101K [0x0000000604400000, 0x0000000800000000)
  region size 4096K, 16 young (65536K), 2 survivors (8192K)
 Metaspace       used 81129K, committed 81856K, reserved 1179648K
  class space    used 10807K, committed 11136K, reserved 1048576K
}
Event: 8.008 GC heap after
{Heap after GC invocations=20 (full 0):
 garbage-first heap   total 110592K, used 32318K [0x0000000604400000, 0x0000000800000000)
  region size 4096K, 2 young (8192K), 2 survivors (8192K)
 Metaspace       used 81129K, committed 81856K, reserved 1179648K
  class space    used 10807K, committed 11136K, reserved 1048576K
}
Event: 8.287 GC heap before
{Heap before GC invocations=20 (full 0):
 garbage-first heap   total 110592K, used 85566K [0x0000000604400000, 0x0000000800000000)
  region size 4096K, 16 young (65536K), 2 survivors (8192K)
 Metaspace       used 82823K, committed 83520K, reserved 1179648K
  class space    used 11165K, committed 11456K, reserved 1048576K
}
Event: 8.304 GC heap after
{Heap after GC invocations=21 (full 0):
 garbage-first heap   total 110592K, used 36003K [0x0000000604400000, 0x0000000800000000)
  region size 4096K, 2 young (8192K), 2 survivors (8192K)
 Metaspace       used 82823K, committed 83520K, reserved 1179648K
  class space    used 11165K, committed 11456K, reserved 1048576K
}
Event: 8.818 GC heap before
{Heap before GC invocations=21 (full 0):
 garbage-first heap   total 110592K, used 89251K [0x0000000604400000, 0x0000000800000000)
  region size 4096K, 15 young (61440K), 2 survivors (8192K)
 Metaspace       used 86454K, committed 87232K, reserved 1179648K
  class space    used 11699K, committed 12032K, reserved 1048576K
}
Event: 8.823 GC heap after
{Heap after GC invocations=22 (full 0):
 garbage-first heap   total 110592K, used 37037K [0x0000000604400000, 0x0000000800000000)
  region size 4096K, 2 young (8192K), 2 survivors (8192K)
 Metaspace       used 86454K, committed 87232K, reserved 1179648K
  class space    used 11699K, committed 12032K, reserved 1048576K
}
Event: 9.502 GC heap before
{Heap before GC invocations=22 (full 0):
 garbage-first heap   total 110592K, used 90285K [0x0000000604400000, 0x0000000800000000)
  region size 4096K, 15 young (61440K), 2 survivors (8192K)
 Metaspace       used 89261K, committed 90048K, reserved 1179648K
  class space    used 12139K, committed 12480K, reserved 1048576K
}
Event: 9.508 GC heap after
{Heap after GC invocations=23 (full 0):
 garbage-first heap   total 315392K, used 39440K [0x0000000604400000, 0x0000000800000000)
  region size 4096K, 2 young (8192K), 2 survivors (8192K)
 Metaspace       used 89261K, committed 90048K, reserved 1179648K
  class space    used 12139K, committed 12480K, reserved 1048576K
}
Event: 91.330 GC heap before
{Heap before GC invocations=23 (full 0):
 garbage-first heap   total 315392K, used 109072K [0x0000000604400000, 0x0000000800000000)
  region size 4096K, 21 young (86016K), 2 survivors (8192K)
 Metaspace       used 95726K, committed 96512K, reserved 1179648K
  class space    used 13032K, committed 13376K, reserved 1048576K
}

Dll operation events (12 events):
Event: 0.010 Loaded shared library C:\sts-4.26.0.RELEASE\plugins\org.eclipse.justj.openjdk.hotspot.jre.full.win32.x86_64_21.0.4.v20240802-1551\jre\bin\java.dll
Event: 0.015 Loaded shared library C:\sts-4.26.0.RELEASE\plugins\org.eclipse.justj.openjdk.hotspot.jre.full.win32.x86_64_21.0.4.v20240802-1551\jre\bin\zip.dll
Event: 0.301 Loaded shared library C:\sts-4.26.0.RELEASE\plugins\org.eclipse.justj.openjdk.hotspot.jre.full.win32.x86_64_21.0.4.v20240802-1551\jre\bin\instrument.dll
Event: 0.313 Loaded shared library C:\sts-4.26.0.RELEASE\plugins\org.eclipse.justj.openjdk.hotspot.jre.full.win32.x86_64_21.0.4.v20240802-1551\jre\bin\net.dll
Event: 0.314 Loaded shared library C:\sts-4.26.0.RELEASE\plugins\org.eclipse.justj.openjdk.hotspot.jre.full.win32.x86_64_21.0.4.v20240802-1551\jre\bin\nio.dll
Event: 0.321 Loaded shared library C:\sts-4.26.0.RELEASE\plugins\org.eclipse.justj.openjdk.hotspot.jre.full.win32.x86_64_21.0.4.v20240802-1551\jre\bin\zip.dll
Event: 0.465 Loaded shared library C:\sts-4.26.0.RELEASE\plugins\org.eclipse.justj.openjdk.hotspot.jre.full.win32.x86_64_21.0.4.v20240802-1551\jre\bin\jimage.dll
Event: 0.511 Loaded shared library C:\sts-4.26.0.RELEASE\plugins\org.eclipse.justj.openjdk.hotspot.jre.full.win32.x86_64_21.0.4.v20240802-1551\jre\bin\management.dll
Event: 0.521 Loaded shared library C:\sts-4.26.0.RELEASE\plugins\org.eclipse.justj.openjdk.hotspot.jre.full.win32.x86_64_21.0.4.v20240802-1551\jre\bin\management_ext.dll
Event: 0.762 Loaded shared library C:\sts-4.26.0.RELEASE\plugins\org.eclipse.justj.openjdk.hotspot.jre.full.win32.x86_64_21.0.4.v20240802-1551\jre\bin\extnet.dll
Event: 0.795 Loaded shared library C:\sts-4.26.0.RELEASE\plugins\org.eclipse.justj.openjdk.hotspot.jre.full.win32.x86_64_21.0.4.v20240802-1551\jre\bin\verify.dll
Event: 2.344 Loaded shared library C:\sts-4.26.0.RELEASE\plugins\org.eclipse.justj.openjdk.hotspot.jre.full.win32.x86_64_21.0.4.v20240802-1551\jre\bin\sunmscapi.dll

Deoptimization events (20 events):
Event: 91.325 Thread 0x000002cc005337a0 DEOPT PACKING pc=0x000002cc6b51faac sp=0x000000e1299fca50
Event: 91.325 Thread 0x000002cc005337a0 DEOPT UNPACKING pc=0x000002cc6ad588e2 sp=0x000000e1299fc010 mode 1
Event: 91.325 Thread 0x000002cc005337a0 DEOPT PACKING pc=0x000002cc6b52106c sp=0x000000e1299fc3c0
Event: 91.325 Thread 0x000002cc005337a0 DEOPT UNPACKING pc=0x000002cc6ad588e2 sp=0x000000e1299fb8f8 mode 1
Event: 91.325 Thread 0x000002cc005337a0 DEOPT PACKING pc=0x000002cc6b522074 sp=0x000000e1299fc4b0
Event: 91.325 Thread 0x000002cc005337a0 DEOPT UNPACKING pc=0x000002cc6ad588e2 sp=0x000000e1299fba60 mode 1
Event: 91.325 Thread 0x000002cc005337a0 DEOPT PACKING pc=0x000002cc6b51faac sp=0x000000e1299fc620
Event: 91.325 Thread 0x000002cc005337a0 DEOPT UNPACKING pc=0x000002cc6ad588e2 sp=0x000000e1299fbbe0 mode 1
Event: 91.325 Thread 0x000002cc005337a0 DEOPT PACKING pc=0x000002cc6b52106c sp=0x000000e1299fc3b0
Event: 91.325 Thread 0x000002cc005337a0 DEOPT UNPACKING pc=0x000002cc6ad588e2 sp=0x000000e1299fb8e8 mode 1
Event: 91.325 Thread 0x000002cc005337a0 DEOPT PACKING pc=0x000002cc6b522074 sp=0x000000e1299fc4a0
Event: 91.325 Thread 0x000002cc005337a0 DEOPT UNPACKING pc=0x000002cc6ad588e2 sp=0x000000e1299fba50 mode 1
Event: 91.325 Thread 0x000002cc005337a0 DEOPT PACKING pc=0x000002cc6b51faac sp=0x000000e1299fc610
Event: 91.325 Thread 0x000002cc005337a0 DEOPT UNPACKING pc=0x000002cc6ad588e2 sp=0x000000e1299fbbd0 mode 1
Event: 91.325 Thread 0x000002cc005337a0 DEOPT PACKING pc=0x000002cc6b52106c sp=0x000000e1299fc770
Event: 91.325 Thread 0x000002cc005337a0 DEOPT UNPACKING pc=0x000002cc6ad588e2 sp=0x000000e1299fbca8 mode 1
Event: 91.325 Thread 0x000002cc005337a0 DEOPT PACKING pc=0x000002cc6b522074 sp=0x000000e1299fc860
Event: 91.325 Thread 0x000002cc005337a0 DEOPT UNPACKING pc=0x000002cc6ad588e2 sp=0x000000e1299fbe10 mode 1
Event: 91.325 Thread 0x000002cc005337a0 DEOPT PACKING pc=0x000002cc6b51faac sp=0x000000e1299fc9d0
Event: 91.325 Thread 0x000002cc005337a0 DEOPT UNPACKING pc=0x000002cc6ad588e2 sp=0x000000e1299fbf90 mode 1

Classes loaded (20 events):
Event: 52.984 Loading class java/util/stream/ReferencePipeline$4$1
Event: 52.984 Loading class java/util/stream/ReferencePipeline$4$1 done
Event: 52.991 Loading class java/io/PrintWriter$1
Event: 52.991 Loading class jdk/internal/access/JavaIOPrintWriterAccess
Event: 52.991 Loading class jdk/internal/access/JavaIOPrintWriterAccess done
Event: 52.991 Loading class java/io/PrintWriter$1 done
Event: 52.991 Loading class java/lang/Throwable$WrappedPrintWriter
Event: 52.992 Loading class java/lang/Throwable$WrappedPrintWriter done
Event: 83.987 Loading class java/util/concurrent/locks/AbstractQueuedSynchronizer$SharedNode
Event: 83.988 Loading class java/util/concurrent/locks/AbstractQueuedSynchronizer$SharedNode done
Event: 89.004 Loading class java/util/AbstractMap$2
Event: 89.004 Loading class java/util/AbstractMap$2 done
Event: 89.005 Loading class java/util/AbstractMap$2$1
Event: 89.005 Loading class java/util/AbstractMap$2$1 done
Event: 89.010 Loading class sun/security/ssl/Alert
Event: 89.011 Loading class sun/security/ssl/Alert done
Event: 89.011 Loading class sun/security/ssl/Alert$AlertConsumer
Event: 89.012 Loading class sun/security/ssl/Alert$AlertConsumer done
Event: 89.012 Loading class sun/security/ssl/Alert$Level
Event: 89.013 Loading class sun/security/ssl/Alert$Level done

Classes unloaded (0 events):
No events

Classes redefined (0 events):
No events

Internal exceptions (20 events):
Event: 7.375 Thread 0x000002cc00532a80 Exception <a 'java/lang/IncompatibleClassChangeError'{0x0000000607063210}: Found class java.lang.Object, but interface was expected> (0x0000000607063210) 
thrown [s\src\hotspot\share\interpreter\linkResolver.cpp, line 840]
Event: 7.414 Thread 0x000002cc00532a80 Exception <a 'java/lang/IncompatibleClassChangeError'{0x0000000623c7ff30}: Found class java.lang.Object, but interface was expected> (0x0000000623c7ff30) 
thrown [s\src\hotspot\share\interpreter\linkResolver.cpp, line 840]
Event: 7.543 Thread 0x000002cc00532a80 Exception <a 'java/lang/IncompatibleClassChangeError'{0x000000060e6e41b0}: Found class java.lang.Object, but interface was expected> (0x000000060e6e41b0) 
thrown [s\src\hotspot\share\interpreter\linkResolver.cpp, line 840]
Event: 7.612 Thread 0x000002cc00532a80 Exception <a 'java/lang/IncompatibleClassChangeError'{0x00000006098fab78}: Found class java.lang.Object, but interface was expected> (0x00000006098fab78) 
thrown [s\src\hotspot\share\interpreter\linkResolver.cpp, line 840]
Event: 7.655 Thread 0x000002cc00532a80 Exception <a 'java/lang/NoSuchMethodError'{0x00000006095d8b38}: 'java.lang.Object java.lang.invoke.DirectMethodHandle$Holder.invokeStatic(java.lang.Object, int, java.lang.Object)'> (0x00000006095d8b38) 
thrown [s\src\hotspot\share\interpreter\linkResolver.cpp, line 773]
Event: 8.446 Thread 0x000002cc00532a80 Exception <a 'java/lang/NoSuchMethodError'{0x0000000609f3e148}: 'java.lang.Object java.lang.invoke.DirectMethodHandle$Holder.invokeInterface(java.lang.Object, java.lang.Object, java.lang.Object, java.lang.Object)'> (0x0000000609f3e148) 
thrown [s\src\hotspot\share\interpreter\linkResolver.cpp, line 773]
Event: 8.520 Thread 0x000002cc00532a80 Exception <a 'java/lang/NoSuchMethodError'{0x000000060943b380}: 'java.lang.Object java.lang.invoke.DirectMethodHandle$Holder.newInvokeSpecial(java.lang.Object, java.lang.Object, java.lang.Object, java.lang.Object, java.lang.Object, java.lang.Object, java.lang.Object, java.lang.Object)'> (0x000000060943b380) 
thrown [s\src\hotspot\share\interpreter\linkResolver.cpp, line 773]
Event: 8.869 Thread 0x000002cc00532a80 Exception <a 'java/lang/IncompatibleClassChangeError'{0x000000060ec46478}: Found class java.lang.Object, but interface was expected> (0x000000060ec46478) 
thrown [s\src\hotspot\share\interpreter\linkResolver.cpp, line 840]
Event: 9.103 Thread 0x000002cc00532a80 Exception <a 'java/lang/NoSuchMethodError'{0x0000000609a48730}: 'void java.lang.invoke.DirectMethodHandle$Holder.invokeVirtual(java.lang.Object, java.lang.Object, long)'> (0x0000000609a48730) 
thrown [s\src\hotspot\share\interpreter\linkResolver.cpp, line 773]
Event: 9.206 Thread 0x000002cc00532a80 Exception <a 'java/lang/NoSuchMethodError'{0x00000006093f4780}: 'int java.lang.invoke.DirectMethodHandle$Holder.invokeStaticInit(java.lang.Object, java.lang.Object, java.lang.Object, java.lang.Object)'> (0x00000006093f4780) 
thrown [s\src\hotspot\share\interpreter\linkResolver.cpp, line 773]
Event: 9.266 Thread 0x000002cc00532a80 Exception <a 'java/lang/IncompatibleClassChangeError'{0x000000060884a6b8}: Found class java.lang.Object, but interface was expected> (0x000000060884a6b8) 
thrown [s\src\hotspot\share\interpreter\linkResolver.cpp, line 840]
Event: 9.447 Thread 0x000002cc00532a80 Exception <a 'java/lang/NoSuchMethodError'{0x0000000607c90400}: 'java.lang.Object java.lang.invoke.DirectMethodHandle$Holder.newInvokeSpecial(java.lang.Object, java.lang.Object, int, java.lang.Object, java.lang.Object)'> (0x0000000607c90400) 
thrown [s\src\hotspot\share\interpreter\linkResolver.cpp, line 773]
Event: 9.569 Thread 0x000002cc00532a80 Exception <a 'java/lang/IncompatibleClassChangeError'{0x000000061712f218}: Found class java.lang.Object, but interface was expected> (0x000000061712f218) 
thrown [s\src\hotspot\share\interpreter\linkResolver.cpp, line 840]
Event: 9.628 Thread 0x000002cc00532a80 Exception <a 'java/lang/NoSuchMethodError'{0x0000000616ea7a50}: 'void java.lang.invoke.DirectMethodHandle$Holder.invokeSpecialIFC(java.lang.Object, java.lang.Object, int, java.lang.Object, java.lang.Object, java.lang.Object, java.lang.Object)'> (0x0000000616ea7a50) 
thrown [s\src\hotspot\share\interpreter\linkResolver.cpp, line 773]
Event: 9.812 Thread 0x000002cc004737f0 Exception <a 'java/lang/NoSuchMethodError'{0x0000000615e7ae48}: 'java.lang.Object java.lang.invoke.DirectMethodHandle$Holder.invokeInterface(java.lang.Object, java.lang.Object, java.lang.Object, java.lang.Object, java.lang.Object, java.lang.Object, java.lang.Object)'> (0x0000000615e7ae48) 
thrown [s\src\hotspot\share\interpreter\linkResolver.cpp, line 773]
Event: 9.849 Thread 0x000002cc0744cd10 Exception <a 'java/lang/NoSuchMethodError'{0x0000000615957d68}: 'java.lang.Object java.lang.invoke.DirectMethodHandle$Holder.invokeSpecial(java.lang.Object, java.lang.Object, java.lang.Object, java.lang.Object, java.lang.Object, long)'> (0x0000000615957d68) 
thrown [s\src\hotspot\share\interpreter\linkResolver.cpp, line 773]
Event: 9.849 Thread 0x000002cc0744cd10 Exception <a 'java/lang/NoSuchMethodError'{0x000000061595b538}: 'java.lang.Object java.lang.invoke.Invokers$Holder.linkToTargetMethod(java.lang.Object, java.lang.Object, java.lang.Object, long, java.lang.Object)'> (0x000000061595b538) 
thrown [s\src\hotspot\share\interpreter\linkResolver.cpp, line 773]
Event: 10.037 Thread 0x000002cc0744bff0 Exception <a 'java/lang/NoSuchMethodError'{0x0000000615348120}: method resolution failed> (0x0000000615348120) 
thrown [s\src\hotspot\share\prims\methodHandles.cpp, line 1144]
Event: 12.748 Thread 0x000002cc0744e0c0 Exception <a 'java/lang/IncompatibleClassChangeError'{0x0000000613abfcf0}: Found class java.lang.Object, but interface was expected> (0x0000000613abfcf0) 
thrown [s\src\hotspot\share\interpreter\linkResolver.cpp, line 840]
Event: 91.329 Thread 0x000002cc00533110 Exception <a 'java/lang/InterruptedException'{0x0000000612eb5298}: sleep interrupted> (0x0000000612eb5298) 
thrown [s\src\hotspot\share\prims\jvm.cpp, line 3074]

ZGC Phase Switch (0 events):
No events

VM Operations (20 events):
Event: 83.753 Executing VM operation: get/set locals done
Event: 83.754 Executing VM operation: get/set locals
Event: 83.754 Executing VM operation: get/set locals done
Event: 83.755 Executing VM operation: get/set locals
Event: 83.755 Executing VM operation: get/set locals done
Event: 83.756 Executing VM operation: get/set locals
Event: 83.756 Executing VM operation: get/set locals done
Event: 83.756 Executing VM operation: get/set locals
Event: 83.756 Executing VM operation: get/set locals done
Event: 83.757 Executing VM operation: get/set locals
Event: 83.757 Executing VM operation: get/set locals done
Event: 84.023 Executing VM operation: get/set locals
Event: 84.023 Executing VM operation: get/set locals done
Event: 84.024 Executing VM operation: get/set locals
Event: 84.024 Executing VM operation: get/set locals done
Event: 89.059 Executing VM operation: Cleanup
Event: 89.059 Executing VM operation: Cleanup done
Event: 89.315 Executing VM operation: get/set locals
Event: 89.315 Executing VM operation: get/set locals done
Event: 91.330 Executing VM operation: G1CollectFull (System.gc())

Memory protections (0 events):
No events

Nmethod flushes (20 events):
Event: 5.598 Thread 0x000002cc7a77d4a0 flushing  nmethod 0x000002cc6b0c5e90
Event: 5.598 Thread 0x000002cc7a77d4a0 flushing  nmethod 0x000002cc6b0c6290
Event: 5.598 Thread 0x000002cc7a77d4a0 flushing  nmethod 0x000002cc6b3d7910
Event: 5.598 Thread 0x000002cc7a77d4a0 flushing  nmethod 0x000002cc6b011510
Event: 5.598 Thread 0x000002cc7a77d4a0 flushing  nmethod 0x000002cc6b0ca610
Event: 5.598 Thread 0x000002cc7a77d4a0 flushing  nmethod 0x000002cc6b0ca910
Event: 5.598 Thread 0x000002cc7a77d4a0 flushing  nmethod 0x000002cc6b201010
Event: 5.598 Thread 0x000002cc7a77d4a0 flushing  nmethod 0x000002cc6b4f9a90
Event: 5.598 Thread 0x000002cc7a77d4a0 flushing  nmethod 0x000002cc6b58ed10
Event: 5.598 Thread 0x000002cc7a77d4a0 flushing  nmethod 0x000002cc6affe790
Event: 5.598 Thread 0x000002cc7a77d4a0 flushing  nmethod 0x000002cc6b3ba910
Event: 5.598 Thread 0x000002cc7a77d4a0 flushing  nmethod 0x000002cc6b5c0a90
Event: 5.598 Thread 0x000002cc7a77d4a0 flushing  nmethod 0x000002cc6b20bd10
Event: 5.598 Thread 0x000002cc7a77d4a0 flushing  nmethod 0x000002cc6b170c10
Event: 5.598 Thread 0x000002cc7a77d4a0 flushing  nmethod 0x000002cc6b3d1190
Event: 5.598 Thread 0x000002cc7a77d4a0 flushing  nmethod 0x000002cc6b02a990
Event: 5.598 Thread 0x000002cc7a77d4a0 flushing  nmethod 0x000002cc6b254290
Event: 5.598 Thread 0x000002cc7a77d4a0 flushing  nmethod 0x000002cc6b5e0e10
Event: 5.598 Thread 0x000002cc7a77d4a0 flushing  nmethod 0x000002cc6b3a5610
Event: 5.598 Thread 0x000002cc7a77d4a0 flushing  nmethod 0x000002cc6b5bca10

Events (20 events):
Event: 83.989 Thread 0x000002cc074528f0 Thread exited: 0x000002cc074528f0
Event: 83.989 Thread 0x000002cc07452260 Thread exited: 0x000002cc07452260
Event: 83.989 Thread 0x000002cc0744c680 Thread exited: 0x000002cc0744c680
Event: 83.989 Thread 0x000002cc0744e0c0 Thread exited: 0x000002cc0744e0c0
Event: 83.989 Thread 0x000002cc0744cd10 Thread exited: 0x000002cc0744cd10
Event: 83.989 Thread 0x000002cc0744f470 Thread exited: 0x000002cc0744f470
Event: 89.009 Thread 0x000002cc005337a0 Thread added: 0x000002cc005351e0
Event: 89.010 Thread 0x000002cc005344c0 Thread exited: 0x000002cc005344c0
Event: 89.011 Thread 0x000002cc005337a0 Thread added: 0x000002cc005344c0
Event: 89.017 Thread 0x000002cc005344c0 Thread exited: 0x000002cc005344c0
Event: 89.023 Thread 0x000002cc005351e0 Thread exited: 0x000002cc005351e0
Event: 91.041 Thread 0x000002cc07453610 Thread exited: 0x000002cc07453610
Event: 91.041 Thread 0x000002cc0744fb00 Thread exited: 0x000002cc0744fb00
Event: 91.041 Thread 0x000002cc003ff460 Thread exited: 0x000002cc003ff460
Event: 91.041 Thread 0x000002cc07450820 Thread exited: 0x000002cc07450820
Event: 91.056 Thread 0x000002cc07452f80 Thread exited: 0x000002cc07452f80
Event: 91.056 Thread 0x000002cc07450190 Thread exited: 0x000002cc07450190
Event: 91.329 Thread 0x000002cc00533e30 Thread exited: 0x000002cc00533e30
Event: 91.329 Thread 0x000002cc00531d60 Thread exited: 0x000002cc00531d60
Event: 91.329 Thread 0x000002cc00533110 Thread exited: 0x000002cc00533110


Dynamic libraries:
0x00007ff64e100000 - 0x00007ff64e10e000 	C:\sts-4.26.0.RELEASE\plugins\org.eclipse.justj.openjdk.hotspot.jre.full.win32.x86_64_21.0.4.v20240802-1551\jre\bin\javaw.exe
0x00007ffaea7a0000 - 0x00007ffaeaa03000 	C:\WINDOWS\SYSTEM32\ntdll.dll
0x00007ffae9470000 - 0x00007ffae9538000 	C:\WINDOWS\System32\KERNEL32.DLL
0x00007ffae8010000 - 0x00007ffae83c2000 	C:\WINDOWS\System32\KERNELBASE.dll
0x00007ffae8480000 - 0x00007ffae85cb000 	C:\WINDOWS\System32\ucrtbase.dll
0x00007ffaafcb0000 - 0x00007ffaafcc8000 	C:\sts-4.26.0.RELEASE\plugins\org.eclipse.justj.openjdk.hotspot.jre.full.win32.x86_64_21.0.4.v20240802-1551\jre\bin\jli.dll
0x00007ffa8a400000 - 0x00007ffa8a41b000 	C:\sts-4.26.0.RELEASE\plugins\org.eclipse.justj.openjdk.hotspot.jre.full.win32.x86_64_21.0.4.v20240802-1551\jre\bin\VCRUNTIME140.dll
0x00007ffae9540000 - 0x00007ffae9708000 	C:\WINDOWS\System32\USER32.dll
0x00007ffae7e10000 - 0x00007ffae7e37000 	C:\WINDOWS\System32\win32u.dll
0x00007ffac72b0000 - 0x00007ffac7540000 	C:\WINDOWS\WinSxS\amd64_microsoft.windows.common-controls_6595b64144ccf1df_6.0.26100.2454_none_3e0b68a2e331ad60\COMCTL32.dll
0x00007ffae9a40000 - 0x00007ffae9a6a000 	C:\WINDOWS\System32\GDI32.dll
0x00007ffae88a0000 - 0x00007ffae8949000 	C:\WINDOWS\System32\msvcrt.dll
0x00007ffae7e40000 - 0x00007ffae7f6b000 	C:\WINDOWS\System32\gdi32full.dll
0x00007ffae83d0000 - 0x00007ffae8473000 	C:\WINDOWS\System32\msvcp_win.dll
0x00007ffae9420000 - 0x00007ffae944f000 	C:\WINDOWS\System32\IMM32.DLL
0x00007ffab9470000 - 0x00007ffab947c000 	C:\sts-4.26.0.RELEASE\plugins\org.eclipse.justj.openjdk.hotspot.jre.full.win32.x86_64_21.0.4.v20240802-1551\jre\bin\vcruntime140_1.dll
0x00007ffa77190000 - 0x00007ffa7721e000 	C:\sts-4.26.0.RELEASE\plugins\org.eclipse.justj.openjdk.hotspot.jre.full.win32.x86_64_21.0.4.v20240802-1551\jre\bin\msvcp140.dll
0x00007ffa66f60000 - 0x00007ffa67ce8000 	C:\sts-4.26.0.RELEASE\plugins\org.eclipse.justj.openjdk.hotspot.jre.full.win32.x86_64_21.0.4.v20240802-1551\jre\bin\server\jvm.dll
0x00007ffae98d0000 - 0x00007ffae9984000 	C:\WINDOWS\System32\ADVAPI32.dll
0x00007ffae9990000 - 0x00007ffae9a36000 	C:\WINDOWS\System32\sechost.dll
0x00007ffae9300000 - 0x00007ffae9416000 	C:\WINDOWS\System32\RPCRT4.dll
0x00007ffaea690000 - 0x00007ffaea704000 	C:\WINDOWS\System32\WS2_32.dll
0x00007ffae7740000 - 0x00007ffae778e000 	C:\WINDOWS\SYSTEM32\POWRPROF.dll
0x00007ffad9620000 - 0x00007ffad962b000 	C:\WINDOWS\SYSTEM32\VERSION.dll
0x00007ffad2980000 - 0x00007ffad29b6000 	C:\WINDOWS\SYSTEM32\WINMM.dll
0x00007ffae7720000 - 0x00007ffae7734000 	C:\WINDOWS\SYSTEM32\UMPDC.dll
0x00007ffae6980000 - 0x00007ffae699a000 	C:\WINDOWS\SYSTEM32\kernel.appcore.dll
0x00007ffac1eb0000 - 0x00007ffac1eba000 	C:\sts-4.26.0.RELEASE\plugins\org.eclipse.justj.openjdk.hotspot.jre.full.win32.x86_64_21.0.4.v20240802-1551\jre\bin\jimage.dll
0x00007ffae54f0000 - 0x00007ffae5731000 	C:\WINDOWS\SYSTEM32\DBGHELP.DLL
0x00007ffae9d90000 - 0x00007ffaea10e000 	C:\WINDOWS\System32\combase.dll
0x00007ffae97f0000 - 0x00007ffae98c6000 	C:\WINDOWS\System32\OLEAUT32.dll
0x00007ffa7ed60000 - 0x00007ffa7ed99000 	C:\WINDOWS\SYSTEM32\dbgcore.DLL
0x00007ffae7f70000 - 0x00007ffae8009000 	C:\WINDOWS\System32\bcryptPrimitives.dll
0x00007ffadd400000 - 0x00007ffadd43c000 	C:\sts-4.26.0.RELEASE\plugins\org.eclipse.justj.openjdk.hotspot.jre.full.win32.x86_64_21.0.4.v20240802-1551\jre\bin\jdwp.dll
0x00007ffadf500000 - 0x00007ffadf50f000 	C:\sts-4.26.0.RELEASE\plugins\org.eclipse.justj.openjdk.hotspot.jre.full.win32.x86_64_21.0.4.v20240802-1551\jre\bin\instrument.dll
0x00007ffaa5400000 - 0x00007ffaa541f000 	C:\sts-4.26.0.RELEASE\plugins\org.eclipse.justj.openjdk.hotspot.jre.full.win32.x86_64_21.0.4.v20240802-1551\jre\bin\java.dll
0x00007ffaa53e0000 - 0x00007ffaa53f8000 	C:\sts-4.26.0.RELEASE\plugins\org.eclipse.justj.openjdk.hotspot.jre.full.win32.x86_64_21.0.4.v20240802-1551\jre\bin\zip.dll
0x00007ffae8b10000 - 0x00007ffae9210000 	C:\WINDOWS\System32\SHELL32.dll
0x00007ffae5820000 - 0x00007ffae6051000 	C:\WINDOWS\SYSTEM32\windows.storage.dll
0x00007ffae9220000 - 0x00007ffae92fa000 	C:\WINDOWS\System32\SHCORE.dll
0x00007ffaea5b0000 - 0x00007ffaea60d000 	C:\WINDOWS\System32\shlwapi.dll
0x00007ffae7a50000 - 0x00007ffae7a7e000 	C:\WINDOWS\SYSTEM32\profapi.dll
0x00007ffadcc40000 - 0x00007ffadcc4b000 	C:\sts-4.26.0.RELEASE\plugins\org.eclipse.justj.openjdk.hotspot.jre.full.win32.x86_64_21.0.4.v20240802-1551\jre\bin\dt_socket.dll
0x00007ffae6450000 - 0x00007ffae6482000 	C:\WINDOWS\SYSTEM32\IPHLPAPI.DLL
0x00007ffae6e80000 - 0x00007ffae6ee8000 	C:\WINDOWS\system32\mswsock.dll
0x00007ffae6520000 - 0x00007ffae6645000 	C:\WINDOWS\SYSTEM32\DNSAPI.dll
0x00007ffae9790000 - 0x00007ffae979a000 	C:\WINDOWS\System32\NSI.dll
0x00007ffadcda0000 - 0x00007ffadcdab000 	C:\Windows\System32\rasadhlp.dll
0x00007ffae0b60000 - 0x00007ffae0be5000 	C:\WINDOWS\System32\fwpuclnt.dll
0x00007ffac14d0000 - 0x00007ffac14e0000 	C:\sts-4.26.0.RELEASE\plugins\org.eclipse.justj.openjdk.hotspot.jre.full.win32.x86_64_21.0.4.v20240802-1551\jre\bin\net.dll
0x00007ffadea00000 - 0x00007ffadeb26000 	C:\WINDOWS\SYSTEM32\WINHTTP.dll
0x00007ffaafc90000 - 0x00007ffaafca6000 	C:\sts-4.26.0.RELEASE\plugins\org.eclipse.justj.openjdk.hotspot.jre.full.win32.x86_64_21.0.4.v20240802-1551\jre\bin\nio.dll
0x00007ffab7cd0000 - 0x00007ffab7cda000 	C:\sts-4.26.0.RELEASE\plugins\org.eclipse.justj.openjdk.hotspot.jre.full.win32.x86_64_21.0.4.v20240802-1551\jre\bin\management.dll
0x00007ffab4280000 - 0x00007ffab428b000 	C:\sts-4.26.0.RELEASE\plugins\org.eclipse.justj.openjdk.hotspot.jre.full.win32.x86_64_21.0.4.v20240802-1551\jre\bin\management_ext.dll
0x00007ffaea710000 - 0x00007ffaea718000 	C:\WINDOWS\System32\PSAPI.DLL
0x00007fface970000 - 0x00007fface988000 	C:\WINDOWS\system32\napinsp.dll
0x00007fface410000 - 0x00007fface422000 	C:\WINDOWS\System32\winrnr.dll
0x00007ffaccaf0000 - 0x00007ffaccb12000 	C:\WINDOWS\system32\nlansp_c.dll
0x00007ffadc520000 - 0x00007ffadc536000 	C:\WINDOWS\system32\wshbth.dll
0x00007ffae7120000 - 0x00007ffae713c000 	C:\WINDOWS\SYSTEM32\CRYPTSP.dll
0x00007ffae68e0000 - 0x00007ffae6918000 	C:\WINDOWS\system32\rsaenh.dll
0x00007ffae6f20000 - 0x00007ffae6f4b000 	C:\WINDOWS\SYSTEM32\USERENV.dll
0x00007ffae73d0000 - 0x00007ffae73f6000 	C:\WINDOWS\SYSTEM32\bcrypt.dll
0x00007ffae7140000 - 0x00007ffae714c000 	C:\WINDOWS\SYSTEM32\CRYPTBASE.dll
0x00007ffab3d70000 - 0x00007ffab3d79000 	C:\sts-4.26.0.RELEASE\plugins\org.eclipse.justj.openjdk.hotspot.jre.full.win32.x86_64_21.0.4.v20240802-1551\jre\bin\extnet.dll
0x00007ffaccb20000 - 0x00007ffaccb30000 	C:\sts-4.26.0.RELEASE\plugins\org.eclipse.justj.openjdk.hotspot.jre.full.win32.x86_64_21.0.4.v20240802-1551\jre\bin\verify.dll
0x00007ffac04f0000 - 0x00007ffac04fe000 	C:\sts-4.26.0.RELEASE\plugins\org.eclipse.justj.openjdk.hotspot.jre.full.win32.x86_64_21.0.4.v20240802-1551\jre\bin\sunmscapi.dll
0x00007ffae7c00000 - 0x00007ffae7d76000 	C:\WINDOWS\System32\CRYPT32.dll
0x00007ffae7390000 - 0x00007ffae73c0000 	C:\WINDOWS\SYSTEM32\ncrypt.dll
0x00007ffae7340000 - 0x00007ffae737f000 	C:\WINDOWS\SYSTEM32\NTASN1.dll
0x00007ffac1ec0000 - 0x00007ffac1ec8000 	C:\WINDOWS\system32\wshunix.dll

dbghelp: loaded successfully - version: 4.0.5 - missing functions: none
symbol engine: initialized successfully - sym options: 0x614 - pdb path: .;C:\sts-4.26.0.RELEASE\plugins\org.eclipse.justj.openjdk.hotspot.jre.full.win32.x86_64_21.0.4.v20240802-1551\jre\bin;C:\WINDOWS\SYSTEM32;C:\WINDOWS\WinSxS\amd64_microsoft.windows.common-controls_6595b64144ccf1df_6.0.26100.2454_none_3e0b68a2e331ad60;C:\sts-4.26.0.RELEASE\plugins\org.eclipse.justj.openjdk.hotspot.jre.full.win32.x86_64_21.0.4.v20240802-1551\jre\bin\server

VM Arguments:
jvm_args: -XX:+ShowCodeDetailsInExceptionMessages -agentlib:jdwp=transport=dt_socket,suspend=y,address=localhost:62674 -Dcom.sun.management.jmxremote -Dcom.sun.management.jmxremote.port=62673 -Dcom.sun.management.jmxremote.authenticate=false -Dcom.sun.management.jmxremote.ssl=false -Djava.rmi.server.hostname=localhost -Dspring.jmx.enabled=true -Dmanagement.endpoints.jmx.exposure.include=* -Dspring.application.admin.enabled=true -XX:TieredStopAtLevel=1 -Dspring.boot.project.name=clientes -javaagent:C:\sts-4.26.0.RELEASE\configuration\org.eclipse.osgi\271\0\.cp\lib\javaagent-shaded.jar -Dfile.encoding=UTF-8 -Dstdout.encoding=UTF-8 -Dstderr.encoding=UTF-8 
java_command: com.clientes.ClientesApplication --spring.output.ansi.enabled=always
java_class_path (initial): C:\Users\aleba\OneDrive\Projects\spring\clientes\target\classes;C:\Users\aleba\.m2\repository\org\springframework\boot\spring-boot-starter-oauth2-resource-server\3.3.5\spring-boot-starter-oauth2-resource-server-3.3.5.jar;C:\Users\aleba\.m2\repository\org\springframework\security\spring-security-config\6.3.4\spring-security-config-6.3.4.jar;C:\Users\aleba\.m2\repository\org\springframework\security\spring-security-core\6.3.4\spring-security-core-6.3.4.jar;C:\Users\aleba\.m2\repository\org\springframework\spring-expression\6.1.14\spring-expression-6.1.14.jar;C:\Users\aleba\.m2\repository\io\micrometer\micrometer-observation\1.13.6\micrometer-observation-1.13.6.jar;C:\Users\aleba\.m2\repository\io\micrometer\micrometer-commons\1.13.6\micrometer-commons-1.13.6.jar;C:\Users\aleba\.m2\repository\org\springframework\security\spring-security-oauth2-resource-server\6.3.4\spring-security-oauth2-resource-server-6.3.4.jar;C:\Users\aleba\.m2\repository\org\springframework\security\spring-security-oauth2-core\6.3.4\spring-security-oauth2-core-6.3.4.jar;C:\Users\aleba\.m2\repository\org\springframework\security\spring-security-oauth2-jose\6.3.4\spring-security-oauth2-jose-6.3.4.jar;C:\Users\aleba\.m2\repository\com\nimbusds\nimbus-jose-jwt\9.37.3\nimbus-jose-jwt-9.37.3.jar;C:\Users\aleba\.m2\repository\com\github\stephenc\jcip\jcip-annotations\1.0-1\jcip-annotations-1.0-1.jar;C:\Users\aleba\.m2\repository\org\springframework\boot\spring-boot-starter-security\3.3.5\spring-boot-starter-security-3.3.5.jar;C:\Users\aleba\.m2\repository\org\springframework\spring-aop\6.1.14\spring-aop-6.1.14.jar;C:\Users\aleba\.m2\repository\org\springframework\security\spring-security-web\6.3.4\spring-security-web-6.3.4.jar;C:\Users\aleba\.m2\repository\org\springframework\boot\spring-boot-starter-data-jpa\3.3.5\spring-boot-starter-data-jpa-3.3.5.jar;C:\Users\aleba\.m2\repository\org\springframework\boot\spring-boot-starter-aop\3.3.5\spring-boot-starter-aop-3.3.5.jar;C:\Users\aleba\.m2\repository\org\aspectj\aspectjweaver\1.9.22.1\aspectjweaver-1.9.22.1.jar;C:\Users\aleba\.m2\repository\org\springframework\boot\spring-boot-starter-jdbc\3.3.5\spring-boot-starter-jdbc-3.3.5.jar;C:\Users\aleba\.m2\repository\com\zaxxer\HikariCP\5.1.0\HikariCP-5.1.0.jar;C:\Users\aleba\.m2\repository\org\springframework\spring-jdbc\6.1.14\spring-jdbc-6.1.14.jar;C:\Users\aleba\.m2\repository\org\hibernate\orm\hibernate-core\6.5.3.Final\hibernate-core-6.5.3.Final.jar;C:\Users\aleba\.m2\repository\jakarta\persistence\jakarta.persistence-api\3.1.0\jakarta.persistence-api-3.1.0.jar;C:\Users\aleba\.m2\repository\jakarta\transaction\jakarta.transaction-api\2.0.1\jakarta.transaction-api-2.0.1.jar;C:\Users\aleba\.m2\repository\org\jboss\logging\jboss-logging\3.5.3.Final\jboss-logging-3.5.3.Final.jar;C:\Users\aleba\.m2\repository\org\hibernate\common\hibernate-commons-annotations\6.0.6.Final\hibernate-commons-annotations-6.0.6.Final.jar;C:\Users\aleba\.m2\repository\io\smallrye\jandex\3.1.2\jandex-3.1.2.jar;C:\Users\aleba\.m2\repository\com\fasterxml\classmate\1.7.0\classmate-1.7.0.jar;C:\Users\aleba\.m2\repository\net\bytebuddy\byte-buddy\1.14.19\byte-buddy-1.14.19.jar;C:\Users\aleba\.m2\repository\org\glassfish\jaxb\jaxb-runtime\4.0.5\jaxb-runtime-4.0.5.jar;C:\Users\aleba\.m2\repository\org\glassfish\jaxb\jaxb-core\4.0.5\jaxb-core-4.0.5.jar;C:\Users\aleba\.m2\repository\org\eclipse\angus\angus-activation\2.0.2\angus-activation-2.0.2.jar;C:\Users\aleba\.m2\repository\org\glassfish\jaxb\txw2\4.0.5\txw2-4.0.5.jar;C:\Users\aleba\.m2\repository\com\sun\istack\istack-commons-runtime\4.1.2\istack-commons-runtime-4.1.2.jar;C:\Users\aleba\.m2\repository\jakarta\inject\jakarta.inject-api\2.0.1\jakarta.inject-api-2.0.1.jar;C:\Users\aleba\.m2\repository\org\springframework\spring-aspects\6.1.14\spring-aspects-6.1.14.jar;C:\Users\aleba\.m2\repository\org\springframework\boot\spring-boot-starter-validation\3.3.5\spring-boot-starter-validation-3.3.5.jar;C:\Users\aleba\.m2\repository\org\apache\tomcat\embed\tomcat-embed-el\10.1.31\tomcat-embed-el-10.1.31.jar;C:\Users\aleba\.m2\repository\org\hibernate\validator\hibernate-validator\8.0.1.Final\hibernate-validator-8.0.1.Final.jar;C:\Users\aleba\.m2\repository\jakarta\validation\jakarta.validation-api\3.0.2\jakarta.validation-api-3.0.2.jar;C:\Users\aleba\.m2\repository\org\springframework\data\spring-data-jpa\3.3.5\spring-data-jpa-3.3.5.jar;C:\Users\aleba\.m2\repository\org\springframework\data\spring-data-commons\3.3.5\spring-data-commons-3.3.5.jar;C:\Users\aleba\.m2\repository\org\springframework\spring-orm\6.1.14\spring-orm-6.1.14.jar;C:\Users\aleba\.m2\repository\org\springframework\spring-context\6.1.14\spring-context-6.1.14.jar;C:\Users\aleba\.m2\repository\org\springframework\spring-tx\6.1.14\spring-tx-6.1.14.jar;C:\Users\aleba\.m2\repository\org\springframework\spring-beans\6.1.14\spring-beans-6.1.14.jar;C:\Users\aleba\.m2\repository\org\springframework\spring-core\6.1.14\spring-core-6.1.14.jar;C:\Users\aleba\.m2\repository\org\springframework\spring-jcl\6.1.14\spring-jcl-6.1.14.jar;C:\Users\aleba\.m2\repository\org\antlr\antlr4-runtime\4.13.0\antlr4-runtime-4.13.0.jar;C:\Users\aleba\.m2\repository\jakarta\annotation\jakarta.annotation-api\2.1.1\jakarta.annotation-api-2.1.1.jar;C:\Users\aleba\.m2\repository\org\slf4j\slf4j-api\2.0.16\slf4j-api-2.0.16.jar;C:\Users\aleba\.m2\repository\org\springframework\boot\spring-boot-starter-web\3.3.5\spring-boot-starter-web-3.3.5.jar;C:\Users\aleba\.m2\repository\org\springframework\boot\spring-boot-starter-json\3.3.5\spring-boot-starter-json-3.3.5.jar;C:\Users\aleba\.m2\repository\com\fasterxml\jackson\core\jackson-databind\2.17.2\jackson-databind-2.17.2.jar;C:\Users\aleba\.m2\repository\com\fasterxml\jackson\core\jackson-annotations\2.17.2\jackson-annotations-2.17.2.jar;C:\Users\aleba\.m2\repository\com\fasterxml\jackson\core\jackson-core\2.17.2\jackson-core-2.17.2.jar;C:\Users\aleba\.m2\repository\com\fasterxml\jackson\datatype\jackson-datatype-jdk8\2.17.2\jackson-datatype-jdk8-2.17.2.jar;C:\Users\aleba\.m2\repository\com\fasterxml\jackson\datatype\jackson-datatype-jsr310\2.17.2\jackson-datatype-jsr310-2.17.2.jar;C:\Users\aleba\.m2\repository\com\fasterxml\jackson\module\jackson-module-parameter-names\2.17.2\jackson-module-parameter-names-2.17.2.jar;C:\Users\aleba\.m2\repository\org\springframework\boot\spring-boot-starter-tomcat\3.3.5\spring-boot-starter-tomcat-3.3.5.jar;C:\Users\aleba\.m2\repository\org\apache\tomcat\embed\tomcat-embed-core\10.1.31\tomcat-embed-core-10.1.31.jar;C:\Users\aleba\.m2\repository\org\apache\tomcat\embed\tomcat-embed-websocket\10.1.31\tomcat-embed-websocket-10.1.31.jar;C:\Users\aleba\.m2\repository\org\springframework\spring-web\6.1.14\spring-web-6.1.14.jar;C:\Users\aleba\.m2\repository\org\springframework\spring-webmvc\6.1.14\spring-webmvc-6.1.14.jar;C:\Users\aleba\.m2\repository\org\springframework\security\spring-security-crypto\6.3.4\spring-security-crypto-6.3.4.jar;C:\Users\aleba\.m2\repository\org\springframework\boot\spring-boot-devtools\3.3.5\spring-boot-devtools-3.3.5.jar;C:\Users\aleba\.m2\repository\org\springframework\boot\spring-boot\3.3.5\spring-boot-3.3.5.jar;C:\Users\aleba\.m2\repository\org\springframework\boot\spring-boot-autoconfigure\3.3.5\spring-boot-autoconfigure-3.3.5.jar;C:\Users\aleba\.m2\repository\org\projectlombok\lombok\1.18.34\lombok-1.18.34.jar;C:\Users\aleba\.m2\repository\jakarta\xml\bind\jakarta.xml.bind-api\4.0.2\jakarta.xml.bind-api-4.0.2.jar;C:\Users\aleba\.m2\repository\jakarta\activation\jakarta.activation-api\2.1.3\jakarta.activation-api-2.1.3.jar;C:\Users\aleba\.m2\repository\org\springframework\boot\spring-boot-starter\3.3.5\spring-boot-starter-3.3.5.jar;C:\Users\aleba\.m2\repository\org\springframework\boot\spring-boot-starter-logging\3.3.5\spring-boot-starter-logging-3.3.5.jar;C:\Users\aleba\.m2\repository\ch\qos\logback\logback-classic\1.5.11\logback-classic-1.5.11.jar;C:\Users\aleba\.m2\repository\ch\qos\logback\logback-core\1.5.11\logback-core-1.5.11.jar;C:\Users\aleba\.m2\repository\org\apache\logging\log4j\log4j-to-slf4j\2.23.1\log4j-to-slf4j-2.23.1.jar;C:\Users\aleba\.m2\repository\org\apache\logging\log4j\log4j-api\2.23.1\log4j-api-2.23.1.jar;C:\Users\aleba\.m2\repository\org\slf4j\jul-to-slf4j\2.0.16\jul-to-slf4j-2.0.16.jar;C:\Users\aleba\.m2\repository\org\yaml\snakeyaml\2.2\snakeyaml-2.2.jar;C:\Users\aleba\.m2\repository\com\mysql\mysql-connector-j\8.3.0\mysql-connector-j-8.3.0.jar
Launcher Type: SUN_STANDARD

[Global flags]
     intx CICompilerCount                          = 4                                         {product} {ergonomic}
     uint ConcGCThreads                            = 2                                         {product} {ergonomic}
     uint G1ConcRefinementThreads                  = 8                                         {product} {ergonomic}
   size_t G1HeapRegionSize                         = 4194304                                   {product} {ergonomic}
    uintx GCDrainStackTargetSize                   = 64                                        {product} {ergonomic}
   size_t InitialHeapSize                          = 532676608                                 {product} {ergonomic}
     bool ManagementServer                         = true                                      {product} {command line}
   size_t MarkStackSize                            = 4194304                                   {product} {ergonomic}
   size_t MaxHeapSize                              = 8518631424                                {product} {ergonomic}
   size_t MaxNewSize                               = 5108662272                                {product} {ergonomic}
   size_t MinHeapDeltaBytes                        = 4194304                                   {product} {ergonomic}
   size_t MinHeapSize                              = 8388608                                   {product} {ergonomic}
    uintx NonNMethodCodeHeapSize                   = 4096                                   {pd product} {ergonomic}
    uintx NonProfiledCodeHeapSize                  = 0                                      {pd product} {ergonomic}
     bool ProfileInterpreter                       = false                                  {pd product} {command line}
    uintx ProfiledCodeHeapSize                     = 0                                      {pd product} {ergonomic}
     bool ShowCodeDetailsInExceptionMessages       = true                                   {manageable} {command line}
   size_t SoftMaxHeapSize                          = 8518631424                             {manageable} {ergonomic}
     intx TieredStopAtLevel                        = 1                                         {product} {command line}
     bool UseCompressedOops                        = true                           {product lp64_product} {ergonomic}
     bool UseG1GC                                  = true                                      {product} {ergonomic}
     bool UseLargePagesIndividualAllocation        = false                                  {pd product} {ergonomic}

Logging:
Log output configuration:
 #0: stdout all=warning uptime,level,tags foldmultilines=false
 #1: stderr all=off uptime,level,tags foldmultilines=false

Environment Variables:
PATH=C:\sts-4.26.0.RELEASE\plugins\org.eclipse.justj.openjdk.hotspot.jre.full.win32.x86_64_21.0.4.v20240802-1551\jre\bin;C:/sts-4.26.0.RELEASE//plugins/org.eclipse.justj.openjdk.hotspot.jre.full.win32.x86_64_21.0.4.v20240802-1551/jre/bin/server;C:/sts-4.26.0.RELEASE//plugins/org.eclipse.justj.openjdk.hotspot.jre.full.win32.x86_64_21.0.4.v20240802-1551/jre/bin;C:\Python312\Scripts\;C:\Python312\;C:\Program Files\Common Files\Oracle\Java\javapath;C:\WINDOWS\system32;C:\WINDOWS;C:\WINDOWS\System32\Wbem;C:\WINDOWS\System32\WindowsPowerShell\v1.0\;C:\WINDOWS\System32\OpenSSH\;C:\xampp\htdocs\fsphp\07-recursos-e-conmponentes;C:\Program Files\nodejs\;C:\ProgramData\chocolatey\bin;C:\Program Files\Docker\Docker\resources\bin;C:\Users\aleba\OneDrive\Projects\openssl\bin;C:\Program Files\PuTTY\;C:\Program Files\Java\jdk-21;C:\Program Files\Neovim\bin;C:\Program Files\Git\cmd;C:\Users\aleba\AppData\Local\Microsoft\WindowsApps;C:\Users\aleba\AppData\Local\Programs\Microsoft VS Code\bin;C:\Program Files\JetBrains\PhpStorm 2024.1.4\bin;;C:\Users\aleba\AppData\Local\GitHubDesktop\bin;C:\Users\aleba\AppData\Roaming\npm;;C:\sts-4.26.0.RELEASE;
USERNAME=aleba
OS=Windows_NT
PROCESSOR_IDENTIFIER=Intel64 Family 6 Model 140 Stepping 1, GenuineIntel
TMP=C:\Users\aleba\AppData\Local\Temp
TEMP=C:\Users\aleba\AppData\Local\Temp




Periodic native trim disabled

---------------  S Y S T E M  ---------------

OS:
 Windows 11 , 64 bit Build 26100 (10.0.26100.2454)
OS uptime: 6 days 10:57 hours
Hyper-V role detected

CPU: total 8 (initial active 8) (4 cores per cpu, 2 threads per core) family 6 model 140 stepping 1 microcode 0x8a, cx8, cmov, fxsr, ht, mmx, 3dnowpref, sse, sse2, sse3, ssse3, sse4.1, sse4.2, popcnt, lzcnt, tsc, tscinvbit, avx, avx2, aes, erms, clmul, bmi1, bmi2, adx, avx512f, avx512dq, avx512cd, avx512bw, avx512vl, sha, fma, vzeroupper, avx512_vpopcntdq, avx512_vpclmulqdq, avx512_vaes, avx512_vnni, clflush, clflushopt, clwb, avx512_vbmi2, avx512_vbmi, hv, rdtscp, rdpid, fsrm, gfni, avx512_bitalg, f16c, cet_ibt, cet_ss, avx512_ifma
Processor Information for all 8 processors :
  Max Mhz: 2419, Current Mhz: 2419, Mhz Limit: 2419

Memory: 4k page, system-wide physical 32491M (14380M free)
TotalPageFile size 39381M (AvailPageFile size 6280M)
current process WorkingSet (physical memory assigned to process): 384M, peak: 384M
current process commit charge ("private bytes"): 567M, peak: 622M

vm_info: OpenJDK 64-Bit Server VM (21.0.4+7-LTS) for windows-amd64 JRE (21.0.4+7-LTS), built on 2024-07-16T00:00:00Z by "admin" with MS VC++ 17.7 (VS2022)

END.
